<?xml version="1.0" encoding="UTF-8"?>
<fpmd:simulation xmlns:fpmd="http://www.quantum-simulation.org/ns/fpmd/fpmd-1.0">
<uuid> 61b07038-2ff0-11f1-92a9-000c29b36afa </uuid>

                   ============================
                   I qbox rel1_78_4           I
                   I                          I
                   I                          I
                   I                          I
                   I                          I
                   I                          I
                   I                          I
                   I                          I
                   I                          I
                   I                          I
                   I                          I
                   I                          I
                   I http://qboxcode.org      I
                   ============================


<release> rel1_78_4 ubuntu24_aarch64_openmpi  </release>
<user> hym </user>
<sysname> Linux </sysname>
<nodename> hym-VMware20-1 </nodename>
<start_time> 2026-04-04T06:34:50Z </start_time>
 MPIdata::comm: 1x1x1x1
<mpi_processes count="1">
<process id="0"> hym-VMware20-1 </process> (0,0,0,0)
</mpi_processes>
[qbox] <cmd>set cell    1.889725988    0.000000000    0.000000000    0.000000000    1.889725988    0.000000000    0.000000000    0.000000000    1.889725988</cmd>
<unit_cell 
    a="1.88972599   0.00000000   0.00000000  "
    b="0.00000000   1.88972599   0.00000000  "
    c="0.00000000   0.00000000   1.88972599  " />
[qbox] <cmd>species C    /home/hym/Desktop/gdislinux/.localdeps/qbox-public/test/potentials/C_HSCV_PBE-1.0.xml</cmd>
  SpeciesCmd: defining species C as /home/hym/Desktop/gdislinux/.localdeps/qbox-public/test/potentials/C_HSCV_PBE-1.0.xml

Warning at file , line 0, char 0
  Message: unable to open primary document entity '/home/hym/Desktop/gdislinux/.localdeps/qbox-public/test/potentials/species.xsd'

 species C:
<species name="C">
 <description>
 PSGen-1.6.0 pseudopotential: HSCV C xc=PBE
 Generated by PSGen-1.6.0 on 2009-02-15T02:25:04Z
 psgen arguments:
 -element C -xc PBE -smooth_v -bound l=0:rc=0.8 -bound l=1:rc=0.8
 </description>
 <symbol>C</symbol>
 <atomic_number>6</atomic_number>
 <mass>12.01070000</mass>
 <norm_conserving_pseudopotential>
 <valence_charge>4</valence_charge>
 <lmax>1</lmax>
 <llocal>1</llocal>
 <nquad>0</nquad>
 <rquad>0.00000000</rquad>
 <mesh_spacing>0.01000000</mesh_spacing>
 </norm_conserving_pseudopotential>
</species>
 Kleinman-Bylander potential
 rcps_ =   1.50000000
[qbox] <cmd>species H    /home/hym/Desktop/gdislinux/.localdeps/qbox-public/test/potentials/H_HSCV_PBE-1.0.xml</cmd>
  SpeciesCmd: defining species H as /home/hym/Desktop/gdislinux/.localdeps/qbox-public/test/potentials/H_HSCV_PBE-1.0.xml

Warning at file , line 0, char 0
  Message: unable to open primary document entity '/home/hym/Desktop/gdislinux/.localdeps/qbox-public/test/potentials/species.xsd'

 species H:
<species name="H">
 <description>
 PSGen-1.6.0 pseudopotential: HSCV H xc=PBE
 Generated by PSGen-1.6.0 on 2009-02-15T02:24:50Z
 psgen arguments:
 -element H -xc PBE -smooth_v -bound l=0:rc=0.5
 </description>
 <symbol>H</symbol>
 <atomic_number>1</atomic_number>
 <mass>1.00794000</mass>
 <norm_conserving_pseudopotential>
 <valence_charge>1</valence_charge>
 <lmax>0</lmax>
 <llocal>0</llocal>
 <nquad>0</nquad>
 <rquad>0.00000000</rquad>
 <mesh_spacing>0.01000000</mesh_spacing>
 </norm_conserving_pseudopotential>
</species>
 local potential
 rcps_ =   1.50000000
[qbox] <cmd>atom C        C       0.000000000    0.000000000    0.000000000</cmd>
[qbox] <cmd>atom H        H       1.190000000    1.190000000    1.190000000</cmd>
[qbox] <cmd>atom H        H       1.190000000    0.699725988    0.699725988</cmd>
<error> AtomSet::addAtom: atom already defined </error>
[qbox]  End of command stream 
<real_time> 0.06385398 </real_time>
<end_time> 2026-04-04T06:34:50Z </end_time>
</fpmd:simulation>
