<?xml version="1.0" encoding="UTF-8"?>
<fpmd:simulation xmlns:fpmd="http://www.quantum-simulation.org/ns/fpmd/fpmd-1.0">
<uuid> 99b894d4-3229-11f1-92a9-000c29b36afa </uuid>

                   ============================
                   I qbox rel1_78_4           I
                   I                          I
                   I                          I
                   I                          I
                   I                          I
                   I                          I
                   I                          I
                   I                          I
                   I                          I
                   I                          I
                   I                          I
                   I                          I
                   I http://qboxcode.org      I
                   ============================


<release> rel1_78_4 ubuntu24_aarch64_openmpi  </release>
<user> hym </user>
<sysname> Linux </sysname>
<nodename> hym-VMware20-1 </nodename>
<start_time> 2026-04-07T02:29:27Z </start_time>
 MPIdata::comm: 1x1x1x1
<mpi_processes count="1">
<process id="0"> hym-VMware20-1 </process> (0,0,0,0)
</mpi_processes>
[qbox] <cmd>set cell   33.922471203 0.0 0.0 0.0   34.144325034 0.0 0.0 0.0   34.749037350</cmd>
<unit_cell 
    a="33.92247120  0.00000000   0.00000000  "
    b="0.00000000   34.14432503  0.00000000  "
    c="0.00000000   0.00000000   34.74903735 " />
[qbox] <cmd>species S    /home/hym/Desktop/gdislinux/external/pseudos/qbox-xml-oncv-sr/S_ONCV_PBE_sr.xml</cmd>
  SpeciesCmd: defining species S as /home/hym/Desktop/gdislinux/external/pseudos/qbox-xml-oncv-sr/S_ONCV_PBE_sr.xml

Warning at file , line 0, char 0
  Message: unable to open primary document entity '/home/hym/Desktop/gdislinux/external/pseudos/qbox-xml-oncv-sr/species.xsd'

 species S:
<species name="S">
 <description>
Translated from UPF format by upf2qso 1.11 on 2026-04-06T09:59:02Z


 This pseudopotential file has been produced using the code
 ONCVPSP  (Optimized Norm-Conservinng Vanderbilt PSeudopotential)
 scalar-relativistic version 3.3.0 08/16/2017 by D. R. Hamann
 The code is available through a link at URL www.mat-simresearch.com.
 Documentation with the package provides a full discription of the
 input data below.


 While it is not required under the terms of the GNU GPL, it is
 suggested that you cite D. R. Hamann, Phys. Rev. B 88, 085117 (2013)
 in any publication using these pseudopotentials.

     PP_INPUTFILE 
# ATOM AND REFERENCE CONFIGURATION
# atsym  z   nc   nv     iexc    psfile
  S 16.00    3    2       4      upf
#
#   n    l    f        energy (Ha)
    1    0    2.00
    2    0    2.00
    2    1    6.00
    3    0    2.00
    3    1    4.00
#
# PSEUDOPOTENTIAL AND OPTIMIZATION
# lmax
    2
#
#   l,   rc,      ep,       ncon, nbas, qcut
    0   1.45000  -0.63416    4    9   6.30000
    1   1.45000  -0.25757    4    9   7.60000
    2   1.60000   0.15000    4    9   7.00000
#
# LOCAL POTENTIAL
# lloc, lpopt,  rc(5),   dvloc0
    4    5   1.40000      0.00000
#
# VANDERBILT-KLEINMAN-BYLANDER PROJECTORs
# l, nproj, debl
    0    2   2.00000
    1    2   2.00000
    2    2   1.00000
#
# MODEL CORE CHARGE
# icmod, fcfact, rcfact
    3   6.00000   1.25000
#
# LOG DERIVATIVE ANALYSIS
# epsh1, epsh2, depsh
  -12.00   12.00    0.02
#
# OUTPUT GRID
# rlmax, drl
    6.00    0.01
#
# TEST CONFIGURATIONS
# ncnf
    0
# nvcnf
#   n    l    f
     /PP_INPUTFILE 
functional = PBE
 </description>
 <symbol>S</symbol>
 <atomic_number>16</atomic_number>
 <mass>32.06600000</mass>
 <norm_conserving_semilocal_pseudopotential>
 <valence_charge>6</valence_charge>
 <mesh_spacing>0.01000000</mesh_spacing>
 </norm_conserving_semilocal_pseudopotential>
</species>
 SLPP semilocal potential
 rcps_ =   1.50000000
[qbox] <cmd>species O    /home/hym/Desktop/gdislinux/.localdeps/qbox-public/test/potentials/O_HSCV_PBE-1.0.xml</cmd>
  SpeciesCmd: defining species O as /home/hym/Desktop/gdislinux/.localdeps/qbox-public/test/potentials/O_HSCV_PBE-1.0.xml

Warning at file , line 0, char 0
  Message: unable to open primary document entity '/home/hym/Desktop/gdislinux/.localdeps/qbox-public/test/potentials/species.xsd'

 species O:
<species name="O">
 <description>
 PSGen-1.6.0 pseudopotential: HSCV O xc=PBE
 Generated by PSGen-1.6.0 on 2009-02-15T02:25:11Z
 psgen arguments:
 -element O -xc PBE -smooth_v -bound l=0:rc=0.8 -bound l=1:rc=0.8
 </description>
 <symbol>O</symbol>
 <atomic_number>8</atomic_number>
 <mass>15.99940000</mass>
 <norm_conserving_pseudopotential>
 <valence_charge>6</valence_charge>
 <lmax>1</lmax>
 <llocal>1</llocal>
 <nquad>0</nquad>
 <rquad>0.00000000</rquad>
 <mesh_spacing>0.01000000</mesh_spacing>
 </norm_conserving_pseudopotential>
</species>
 Kleinman-Bylander potential
 rcps_ =   1.50000000
[qbox] <cmd>atom S1       S      16.040561100   17.723551065   17.374518675</cmd>
[qbox] <cmd>atom O1       O      18.804663302   17.723551065   17.374518675</cmd>
[qbox] <cmd>atom O2       O      15.117807901   15.117807901   17.374518675</cmd>
[qbox] <cmd>atom O3       O      15.117807901   19.026517133   19.631229449</cmd>
[qbox] <cmd>atom O4       O      15.117807901   19.026517133   15.117807901</cmd>
[qbox] <cmd>set ecut 15.0</cmd>
[qbox] <cmd>set xc PBE</cmd>
[qbox] <cmd>set scf_tol 1e-3</cmd>
[qbox] <cmd>randomize_wf</cmd>
[qbox] <cmd>set wf_dyn PSDA</cmd>
[qbox] <cmd>set ecutprec 5.0</cmd>
[qbox] <cmd>set atoms_dyn CG</cmd>
[qbox] <cmd>run 20 3</cmd>
 EnergyFunctional: <np0v> 90 </np0v>  <np1v> 90 </np1v>  <np2v> 90 </np2v>
 EnergyFunctional: vft->np012(): 729000
<wavefunction ecut="7.50000000" nspin="1" nel="30" nempty="0">
<cell a="33.922471 0.000000 0.000000"
      b="0.000000 34.144325 0.000000"
      c="0.000000 0.000000 34.749037"/>
 reciprocal lattice vectors
 0.185222 0.000000 0.000000
 0.000000 0.184018 0.000000
 0.000000 0.000000 0.180816
<refcell a="0.000000 0.000000 0.000000"
         b="0.000000 0.000000 0.000000"
         c="0.000000 0.000000 0.000000"/>
<grid nx="44" ny="44" nz="44"/>
<slater_determinant kpoint="0 0 0" size="15">
 sdcontext: 1x1
 basis size: 19717
 c dimensions: 19717x15   (19717x15 blocks)
 <density_matrix form="diagonal" size="15"/>
</slater_determinant>
</wavefunction>
<net_charge> 0 </net_charge>
<iteration count="1">
  <electronic_charge ispin="0"> 30.00000000 </electronic_charge>
  <ekin>       100.25576544 </ekin>
  <econf>        0.00000000 </econf>
  <eps>         -0.16343759 </eps>
  <enl>          0.02480088 </enl>
  <ecoul>       65.49046297 </ecoul>
  <exc>         -4.66054671 </exc>
  <esr>          3.52941482 </esr>
  <eself>       47.87307365 </eself>
  <ets>          0.00000000 </ets>
  <eexf>         0.00000000 </eexf>
  <etotal>     160.94704499 </etotal>
  <epv>          0.00000000 </epv>
  <eefield>      0.00000000 </eefield>
  <enthalpy>   160.94704499 </enthalpy>
<atomset>
<unit_cell 
    a=" 33.92247120   0.00000000   0.00000000"
    b="  0.00000000  34.14432503   0.00000000"
    c="  0.00000000   0.00000000  34.74903735" />
  <atom name="S1" species="S">
    <position> 16.04056110 17.72355106 17.37451868 </position>
    <velocity> 0.00000000 0.00000000 0.00000000 </velocity>
    <force> 0.00936996 0.00281055 0.00088876 </force>
  </atom>
  <atom name="O1" species="O">
    <position> 18.80466330 17.72355106 17.37451868 </position>
    <velocity> 0.00000000 0.00000000 0.00000000 </velocity>
    <force> 8.97628392 -0.00614654 -0.00044057 </force>
  </atom>
  <atom name="O2" species="O">
    <position> 15.11780790 15.11780790 17.37451868 </position>
    <velocity> 0.00000000 0.00000000 0.00000000 </velocity>
    <force> -2.98985955 -8.46292119 -0.00232317 </force>
  </atom>
  <atom name="O3" species="O">
    <position> 15.11780790 19.02651713 19.63122945 </position>
    <velocity> 0.00000000 0.00000000 0.00000000 </velocity>
    <force> -2.99258149 4.23138247 7.33589518 </force>
  </atom>
  <atom name="O4" species="O">
    <position> 15.11780790 19.02651713 15.11780790 </position>
    <velocity> 0.00000000 0.00000000 0.00000000 </velocity>
    <force> -2.98995827 4.23788649 -7.32579274 </force>
  </atom>
</atomset>
<unit_cell_a_norm> 33.922471 </unit_cell_a_norm>
<unit_cell_b_norm> 34.144325 </unit_cell_b_norm>
<unit_cell_c_norm> 34.749037 </unit_cell_c_norm>
<unit_cell_alpha>  90.000 </unit_cell_alpha>
<unit_cell_beta>   90.000 </unit_cell_beta>
<unit_cell_gamma>  90.000 </unit_cell_gamma>
<unit_cell_volume> 40248.416 </unit_cell_volume>
  <econst> 160.94704499 </econst>
  <ekin_ion> 0.00000000 </ekin_ion>
  <temp_ion> 0.00000000 </temp_ion>
  CGIonicStepper: displacement exceeds limit, rescaling
  CGIonicStepper: alpha = 3.00000000
  <electronic_charge ispin="0"> 30.00000000 </electronic_charge>
  <eigenvalue_sum>  49.53014312 </eigenvalue_sum>
  <etotal_int>     154.25351632 </etotal_int>
  <electronic_charge ispin="0"> 30.00000000 </electronic_charge>
  <eigenvalue_sum>  22.79300052 </eigenvalue_sum>
  <etotal_int>     100.74953278 </etotal_int>
  <electronic_charge ispin="0"> 30.00000000 </electronic_charge>
  <eigenvalue_sum>  4.29467176 </eigenvalue_sum>
  <etotal_int>      63.25737454 </etotal_int>
<timing name="iteration"       min="1.016" max="1.016"/>
</iteration>
<iteration count="2">
  <electronic_charge ispin="0"> 30.00000000 </electronic_charge>
  <ekin>        21.22300125 </ekin>
  <econf>        0.00000000 </econf>
  <eps>         -5.92903940 </eps>
  <enl>          1.73688014 </enl>
  <ecoul>       23.82618490 </ecoul>
  <exc>         -4.84746093 </exc>
  <esr>          2.39382559 </esr>
  <eself>       47.87307365 </eself>
  <ets>          0.00000000 </ets>
  <eexf>         0.00000000 </eexf>
  <etotal>      36.00956595 </etotal>
  <epv>          0.00000000 </epv>
  <eefield>      0.00000000 </eefield>
  <enthalpy>    36.00956595 </enthalpy>
<atomset>
<unit_cell 
    a=" 33.92247120   0.00000000   0.00000000"
    b="  0.00000000  34.14432503   0.00000000"
    c="  0.00000000   0.00000000  34.74903735" />
  <atom name="S1" species="S">
    <position> 16.04076987 17.72361369 17.37453848 </position>
    <velocity> 0.00000000 0.00000000 0.00000000 </velocity>
    <force> 0.05895426 0.06085730 0.03937282 </force>
  </atom>
  <atom name="O1" species="O">
    <position> 19.00466330 17.72341411 17.37450886 </position>
    <velocity> 0.00000000 0.00000000 0.00000000 </velocity>
    <force> 6.09658626 -0.05734411 -0.08074937 </force>
  </atom>
  <atom name="O2" species="O">
    <position> 15.05119103 14.92924610 17.37446691 </position>
    <velocity> 0.00000000 0.00000000 0.00000000 </velocity>
    <force> -2.08629405 -5.91103393 -0.02197100 </force>
  </atom>
  <atom name="O3" species="O">
    <position> 15.05113039 19.12079629 19.79468005 </position>
    <velocity> 0.00000000 0.00000000 0.00000000 </velocity>
    <force> -2.10350131 2.95513998 5.08738789 </force>
  </atom>
  <atom name="O4" species="O">
    <position> 15.05118883 19.12094121 14.95458239 </position>
    <velocity> 0.00000000 0.00000000 0.00000000 </velocity>
    <force> -2.04531712 3.03919790 -4.93074103 </force>
  </atom>
</atomset>
<unit_cell_a_norm> 33.922471 </unit_cell_a_norm>
<unit_cell_b_norm> 34.144325 </unit_cell_b_norm>
<unit_cell_c_norm> 34.749037 </unit_cell_c_norm>
<unit_cell_alpha>  90.000 </unit_cell_alpha>
<unit_cell_beta>   90.000 </unit_cell_beta>
<unit_cell_gamma>  90.000 </unit_cell_gamma>
<unit_cell_volume> 40248.416 </unit_cell_volume>
  <econst> 36.00956595 </econst>
  <ekin_ion> 0.00000000 </ekin_ion>
  <temp_ion> 0.00000000 </temp_ion>
  CGIonicStepper: alpha = 0.02228094
  <electronic_charge ispin="0"> 30.00000000 </electronic_charge>
  <eigenvalue_sum>  -7.81589672 </eigenvalue_sum>
  <etotal_int>      32.80230285 </etotal_int>
  <electronic_charge ispin="0"> 30.00000000 </electronic_charge>
  <eigenvalue_sum>  -21.21901273 </eigenvalue_sum>
  <etotal_int>      -6.44665036 </etotal_int>
  <electronic_charge ispin="0"> 30.00000000 </electronic_charge>
  <eigenvalue_sum>  -23.64625156 </eigenvalue_sum>
  <etotal_int>     -23.23622061 </etotal_int>
<timing name="iteration"       min="1.026" max="1.026"/>
</iteration>
<iteration count="3">
  <electronic_charge ispin="0"> 30.00000000 </electronic_charge>
  <ekin>        31.47215307 </ekin>
  <econf>        0.00000000 </econf>
  <eps>        -42.21998846 </eps>
  <enl>         13.17087139 </enl>
  <ecoul>      -42.22483414 </ecoul>
  <exc>        -11.74631219 </exc>
  <esr>          1.82422746 </esr>
  <eself>       47.87307365 </eself>
  <ets>          0.00000000 </ets>
  <eexf>         0.00000000 </eexf>
  <etotal>     -51.54811033 </etotal>
  <epv>          0.00000000 </epv>
  <eefield>      0.00000000 </eefield>
  <enthalpy>   -51.54811033 </enthalpy>
<atomset>
<unit_cell 
    a=" 33.92247120   0.00000000   0.00000000"
    b="  0.00000000  34.14432503   0.00000000"
    c="  0.00000000   0.00000000  34.74903735" />
  <atom name="S1" species="S">
    <position> 16.04208343 17.72496964 17.37541574 </position>
    <velocity> 0.00000000 0.00000000 0.00000000 </velocity>
    <force> -0.17498918 -0.08314358 0.24300077 </force>
  </atom>
  <atom name="O1" species="O">
    <position> 19.14050095 17.72213643 17.37270969 </position>
    <velocity> 0.00000000 0.00000000 0.00000000 </velocity>
    <force> -1.22370152 -0.26925679 -0.38311873 </force>
  </atom>
  <atom name="O2" species="O">
    <position> 15.00470645 14.79754274 17.37397738 </position>
    <velocity> 0.00000000 0.00000000 0.00000000 </velocity>
    <force> 0.17598872 0.46699948 -0.03187772 </force>
  </atom>
  <atom name="O3" species="O">
    <position> 15.00426241 19.18663957 19.90803181 </position>
    <velocity> 0.00000000 0.00000000 0.00000000 </velocity>
    <force> 0.44443854 -0.48026253 -0.95182331 </force>
  </atom>
  <atom name="O4" species="O">
    <position> 15.00561726 19.18865738 14.84472087 </position>
    <velocity> 0.00000000 0.00000000 0.00000000 </velocity>
    <force> 0.66683361 0.05986283 0.83244160 </force>
  </atom>
</atomset>
<unit_cell_a_norm> 33.922471 </unit_cell_a_norm>
<unit_cell_b_norm> 34.144325 </unit_cell_b_norm>
<unit_cell_c_norm> 34.749037 </unit_cell_c_norm>
<unit_cell_alpha>  90.000 </unit_cell_alpha>
<unit_cell_beta>   90.000 </unit_cell_beta>
<unit_cell_gamma>  90.000 </unit_cell_gamma>
<unit_cell_volume> 40248.416 </unit_cell_volume>
  <econst> -51.54811033 </econst>
  <ekin_ion> 0.00000000 </ekin_ion>
  <temp_ion> 0.00000000 </temp_ion>
  CGIonicStepper: alpha = 0.02228094
  <electronic_charge ispin="0"> 30.00000000 </electronic_charge>
  <eigenvalue_sum>  -17.43201722 </eigenvalue_sum>
  <etotal_int>     -51.55466433 </etotal_int>
  <electronic_charge ispin="0"> 30.00000000 </electronic_charge>
  <eigenvalue_sum>  -16.61862980 </eigenvalue_sum>
  <etotal_int>     -56.81361233 </etotal_int>
  <electronic_charge ispin="0"> 30.00000000 </electronic_charge>
  <eigenvalue_sum>  -14.27736881 </eigenvalue_sum>
  <etotal_int>     -62.72366204 </etotal_int>
<timing name="iteration"       min="0.991" max="0.991"/>
</iteration>
<iteration count="4">
  <electronic_charge ispin="0"> 30.00000000 </electronic_charge>
  <ekin>        34.14710947 </ekin>
  <econf>        0.00000000 </econf>
  <eps>        -55.45168660 </eps>
  <enl>         14.87157328 </enl>
  <ecoul>      -44.06854921 </ecoul>
  <exc>        -14.22725977 </exc>
  <esr>          1.81016993 </esr>
  <eself>       47.87307365 </eself>
  <ets>          0.00000000 </ets>
  <eexf>         0.00000000 </eexf>
  <etotal>     -64.72881282 </etotal>
  <epv>          0.00000000 </epv>
  <eefield>      0.00000000 </eefield>
  <enthalpy>   -64.72881282 </enthalpy>
<atomset>
<unit_cell 
    a=" 33.92247120   0.00000000   0.00000000"
    b="  0.00000000  34.14432503   0.00000000"
    c="  0.00000000   0.00000000  34.74903735" />
  <atom name="S1" species="S">
    <position> 16.03842080 17.72336105 17.38098784 </position>
    <velocity> 0.00000000 0.00000000 0.00000000 </velocity>
    <force> -0.15455714 -0.00307682 -0.02404684 </force>
  </atom>
  <atom name="O1" species="O">
    <position> 19.13767153 17.71590730 17.36384979 </position>
    <velocity> 0.00000000 0.00000000 0.00000000 </velocity>
    <force> 0.45487059 -0.02817636 -0.24912311 </force>
  </atom>
  <atom name="O2" species="O">
    <position> 15.00026554 14.78425584 17.37317905 </position>
    <velocity> 0.00000000 0.00000000 0.00000000 </velocity>
    <force> 0.18576279 0.21531318 -0.12346072 </force>
  </atom>
  <atom name="O3" species="O">
    <position> 15.00573385 19.18778341 19.90721512 </position>
    <velocity> 0.00000000 0.00000000 0.00000000 </velocity>
    <force> 0.10928992 -0.10324503 -0.05630918 </force>
  </atom>
  <atom name="O4" species="O">
    <position> 15.01227707 19.20217262 14.84350548 </position>
    <velocity> 0.00000000 0.00000000 0.00000000 </velocity>
    <force> 0.24603690 0.45753908 -0.19795446 </force>
  </atom>
</atomset>
<unit_cell_a_norm> 33.922471 </unit_cell_a_norm>
<unit_cell_b_norm> 34.144325 </unit_cell_b_norm>
<unit_cell_c_norm> 34.749037 </unit_cell_c_norm>
<unit_cell_alpha>  90.000 </unit_cell_alpha>
<unit_cell_beta>   90.000 </unit_cell_beta>
<unit_cell_gamma>  90.000 </unit_cell_gamma>
<unit_cell_volume> 40248.416 </unit_cell_volume>
  <econst> -64.72881282 </econst>
  <ekin_ion> 0.00000000 </ekin_ion>
  <temp_ion> 0.00000000 </temp_ion>
  CGIonicStepper: alpha = 0.02673712
  <electronic_charge ispin="0"> 30.00000000 </electronic_charge>
  <eigenvalue_sum>  -12.93289588 </eigenvalue_sum>
  <etotal_int>     -64.72987569 </etotal_int>
  <electronic_charge ispin="0"> 30.00000000 </electronic_charge>
  <eigenvalue_sum>  -12.47201140 </eigenvalue_sum>
  <etotal_int>     -65.42738661 </etotal_int>
  <electronic_charge ispin="0"> 30.00000000 </electronic_charge>
  <eigenvalue_sum>  -11.34270408 </eigenvalue_sum>
  <etotal_int>     -66.86136320 </etotal_int>
<timing name="iteration"       min="0.939" max="0.939"/>
</iteration>
<iteration count="5">
  <electronic_charge ispin="0"> 30.00000000 </electronic_charge>
  <ekin>        34.55549271 </ekin>
  <econf>        0.00000000 </econf>
  <eps>        -57.00561551 </eps>
  <enl>         13.53653887 </enl>
  <ecoul>      -43.71982909 </ecoul>
  <exc>        -15.02569135 </exc>
  <esr>          1.80738596 </esr>
  <eself>       47.87307365 </eself>
  <ets>          0.00000000 </ets>
  <eexf>         0.00000000 </eexf>
  <etotal>     -67.65910437 </etotal>
  <epv>          0.00000000 </epv>
  <eefield>      0.00000000 </eefield>
  <enthalpy>   -67.65910437 </enthalpy>
<atomset>
<unit_cell 
    a=" 33.92247120   0.00000000   0.00000000"
    b="  0.00000000  34.14432503   0.00000000"
    c="  0.00000000   0.00000000  34.74903735" />
  <atom name="S1" species="S">
    <position> 16.03768827 17.72303933 17.38210225 </position>
    <velocity> 0.00000000 0.00000000 0.00000000 </velocity>
    <force> -0.17068378 0.02488375 0.03228903 </force>
  </atom>
  <atom name="O1" species="O">
    <position> 19.13710565 17.71466147 17.36207781 </position>
    <velocity> 0.00000000 0.00000000 0.00000000 </velocity>
    <force> 0.38750728 -0.06409876 -0.05106353 </force>
  </atom>
  <atom name="O2" species="O">
    <position> 14.99937736 14.78159846 17.37301939 </position>
    <velocity> 0.00000000 0.00000000 0.00000000 </velocity>
    <force> -0.12225794 -0.12831668 -0.02737269 </force>
  </atom>
  <atom name="O3" species="O">
    <position> 15.00602813 19.18801217 19.90705178 </position>
    <velocity> 0.00000000 0.00000000 0.00000000 </velocity>
    <force> -0.03944590 0.07194877 0.34370630 </force>
  </atom>
  <atom name="O4" species="O">
    <position> 15.01360904 19.20487567 14.84326240 </position>
    <velocity> 0.00000000 0.00000000 0.00000000 </velocity>
    <force> -0.03409465 0.25381335 -0.26484766 </force>
  </atom>
</atomset>
<unit_cell_a_norm> 33.922471 </unit_cell_a_norm>
<unit_cell_b_norm> 34.144325 </unit_cell_b_norm>
<unit_cell_c_norm> 34.749037 </unit_cell_c_norm>
<unit_cell_alpha>  90.000 </unit_cell_alpha>
<unit_cell_beta>   90.000 </unit_cell_beta>
<unit_cell_gamma>  90.000 </unit_cell_gamma>
<unit_cell_volume> 40248.416 </unit_cell_volume>
  <econst> -67.65910437 </econst>
  <ekin_ion> 0.00000000 </ekin_ion>
  <temp_ion> 0.00000000 </temp_ion>
  CGIonicStepper: alpha = 0.03208455
  <electronic_charge ispin="0"> 30.00000000 </electronic_charge>
  <eigenvalue_sum>  -10.52768111 </eigenvalue_sum>
  <etotal_int>     -67.66030432 </etotal_int>
  <electronic_charge ispin="0"> 30.00000000 </electronic_charge>
  <eigenvalue_sum>  -10.33485069 </eigenvalue_sum>
  <etotal_int>     -67.82130706 </etotal_int>
  <electronic_charge ispin="0"> 30.00000000 </electronic_charge>
  <eigenvalue_sum>  -9.91762147 </eigenvalue_sum>
  <etotal_int>     -68.22153496 </etotal_int>
<timing name="iteration"       min="0.953" max="0.953"/>
</iteration>
<iteration count="6">
  <electronic_charge ispin="0"> 30.00000000 </electronic_charge>
  <ekin>        33.77857225 </ekin>
  <econf>        0.00000000 </econf>
  <eps>        -56.99042804 </eps>
  <enl>         13.43602029 </enl>
  <ecoul>      -43.69206792 </ecoul>
  <exc>        -15.21056420 </exc>
  <esr>          1.80405729 </esr>
  <eself>       47.87307365 </eself>
  <ets>          0.00000000 </ets>
  <eexf>         0.00000000 </eexf>
  <etotal>     -68.67846763 </etotal>
  <epv>          0.00000000 </epv>
  <eefield>      0.00000000 </eefield>
  <enthalpy>   -68.67846763 </enthalpy>
<atomset>
<unit_cell 
    a=" 33.92247120   0.00000000   0.00000000"
    b="  0.00000000  34.14432503   0.00000000"
    c="  0.00000000   0.00000000  34.74903735" />
  <atom name="S1" species="S">
    <position> 16.03680924 17.72265327 17.38343956 </position>
    <velocity> 0.00000000 0.00000000 0.00000000 </velocity>
    <force> -0.13050433 -0.01819779 0.04471185 </force>
  </atom>
  <atom name="O1" species="O">
    <position> 19.13642659 17.71316648 17.35995144 </position>
    <velocity> 0.00000000 0.00000000 0.00000000 </velocity>
    <force> 0.15319037 -0.11956954 -0.01136797 </force>
  </atom>
  <atom name="O2" species="O">
    <position> 14.99831155 14.77840960 17.37282779 </position>
    <velocity> 0.00000000 0.00000000 0.00000000 </velocity>
    <force> -0.06052228 -0.02494431 0.01435104 </force>
  </atom>
  <atom name="O3" species="O">
    <position> 15.00638128 19.18828670 19.90685578 </position>
    <velocity> 0.00000000 0.00000000 0.00000000 </velocity>
    <force> -0.03605954 0.01118866 0.19312404 </force>
  </atom>
  <atom name="O4" species="O">
    <position> 15.01520739 19.20811933 14.84297071 </position>
    <velocity> 0.00000000 0.00000000 0.00000000 </velocity>
    <force> 0.02418091 0.17116812 -0.17581999 </force>
  </atom>
</atomset>
<unit_cell_a_norm> 33.922471 </unit_cell_a_norm>
<unit_cell_b_norm> 34.144325 </unit_cell_b_norm>
<unit_cell_c_norm> 34.749037 </unit_cell_c_norm>
<unit_cell_alpha>  90.000 </unit_cell_alpha>
<unit_cell_beta>   90.000 </unit_cell_beta>
<unit_cell_gamma>  90.000 </unit_cell_gamma>
<unit_cell_volume> 40248.416 </unit_cell_volume>
  <econst> -68.67846763 </econst>
  <ekin_ion> 0.00000000 </ekin_ion>
  <temp_ion> 0.00000000 </temp_ion>
  CGIonicStepper: alpha = 0.03208455
  <electronic_charge ispin="0"> 30.00000000 </electronic_charge>
  <eigenvalue_sum>  -9.49536904 </eigenvalue_sum>
  <etotal_int>     -68.68265140 </etotal_int>
  <electronic_charge ispin="0"> 30.00000000 </electronic_charge>
  <eigenvalue_sum>  -9.48234186 </eigenvalue_sum>
  <etotal_int>     -68.74625771 </etotal_int>
  <electronic_charge ispin="0"> 30.00000000 </electronic_charge>
  <eigenvalue_sum>  -9.42624071 </eigenvalue_sum>
  <etotal_int>     -68.91072973 </etotal_int>
<timing name="iteration"       min="0.926" max="0.926"/>
</iteration>
<iteration count="7">
  <electronic_charge ispin="0"> 30.00000000 </electronic_charge>
  <ekin>        33.42203568 </ekin>
  <econf>        0.00000000 </econf>
  <eps>        -56.88044705 </eps>
  <enl>         13.22308210 </enl>
  <ecoul>      -43.62733101 </ecoul>
  <exc>        -15.26463473 </exc>
  <esr>          1.78434145 </esr>
  <eself>       47.87307365 </eself>
  <ets>          0.00000000 </ets>
  <eexf>         0.00000000 </eexf>
  <etotal>     -69.12729501 </etotal>
  <epv>          0.00000000 </epv>
  <eefield>      0.00000000 </eefield>
  <enthalpy>   -69.12729501 </enthalpy>
<atomset>
<unit_cell 
    a=" 33.92247120   0.00000000   0.00000000"
    b="  0.00000000  34.14432503   0.00000000"
    c="  0.00000000   0.00000000  34.74903735" />
  <atom name="S1" species="S">
    <position> 16.03189589 17.72175047 17.38597889 </position>
    <velocity> 0.00000000 0.00000000 0.00000000 </velocity>
    <force> -0.11266904 -0.01159008 0.06495774 </force>
  </atom>
  <atom name="O1" species="O">
    <position> 19.14078065 17.70809510 17.35783006 </position>
    <velocity> 0.00000000 0.00000000 0.00000000 </velocity>
    <force> 0.19019449 -0.10926637 -0.01724859 </force>
  </atom>
  <atom name="O2" species="O">
    <position> 14.99548922 14.77497489 17.37312995 </position>
    <velocity> 0.00000000 0.00000000 0.00000000 </velocity>
    <force> -0.09589877 -0.12418998 0.01718975 </force>
  </atom>
  <atom name="O3" species="O">
    <position> 15.00551607 19.18887247 19.91289015 </position>
    <velocity> 0.00000000 0.00000000 0.00000000 </velocity>
    <force> -0.05760733 0.06299062 0.22868600 </force>
  </atom>
  <atom name="O4" species="O">
    <position> 15.01730366 19.21629084 14.83708863 </position>
    <velocity> 0.00000000 0.00000000 0.00000000 </velocity>
    <force> -0.01841170 0.15703716 -0.20181610 </force>
  </atom>
</atomset>
<unit_cell_a_norm> 33.922471 </unit_cell_a_norm>
<unit_cell_b_norm> 34.144325 </unit_cell_b_norm>
<unit_cell_c_norm> 34.749037 </unit_cell_c_norm>
<unit_cell_alpha>  90.000 </unit_cell_alpha>
<unit_cell_beta>   90.000 </unit_cell_beta>
<unit_cell_gamma>  90.000 </unit_cell_gamma>
<unit_cell_volume> 40248.416 </unit_cell_volume>
  <econst> -69.12729501 </econst>
  <ekin_ion> 0.00000000 </ekin_ion>
  <temp_ion> 0.00000000 </temp_ion>
  CGIonicStepper: alpha = 0.03850146
  <electronic_charge ispin="0"> 30.00000000 </electronic_charge>
  <eigenvalue_sum>  -9.35820316 </eigenvalue_sum>
  <etotal_int>     -69.12857125 </etotal_int>
  <electronic_charge ispin="0"> 30.00000000 </electronic_charge>
  <eigenvalue_sum>  -9.31698609 </eigenvalue_sum>
  <etotal_int>     -69.15697774 </etotal_int>
  <electronic_charge ispin="0"> 30.00000000 </electronic_charge>
  <eigenvalue_sum>  -9.24454738 </eigenvalue_sum>
  <etotal_int>     -69.22992480 </etotal_int>
<timing name="iteration"       min="0.899" max="0.899"/>
</iteration>
<iteration count="8">
  <electronic_charge ispin="0"> 30.00000000 </electronic_charge>
  <ekin>        33.12448784 </ekin>
  <econf>        0.00000000 </econf>
  <eps>        -56.78880152 </eps>
  <enl>         13.24440513 </enl>
  <ecoul>      -43.65627621 </ecoul>
  <exc>        -15.27463645 </exc>
  <esr>          1.78042587 </esr>
  <eself>       47.87307365 </eself>
  <ets>          0.00000000 </ets>
  <eexf>         0.00000000 </eexf>
  <etotal>     -69.35082121 </etotal>
  <epv>          0.00000000 </epv>
  <eefield>      0.00000000 </eefield>
  <enthalpy>   -69.35082121 </enthalpy>
<atomset>
<unit_cell 
    a=" 33.92247120   0.00000000   0.00000000"
    b="  0.00000000  34.14432503   0.00000000"
    c="  0.00000000   0.00000000  34.74903735" />
  <atom name="S1" species="S">
    <position> 16.03091321 17.72156991 17.38648676 </position>
    <velocity> 0.00000000 0.00000000 0.00000000 </velocity>
    <force> -0.06436762 0.02748406 0.05322226 </force>
  </atom>
  <atom name="O1" species="O">
    <position> 19.14165146 17.70708082 17.35740578 </position>
    <velocity> 0.00000000 0.00000000 0.00000000 </velocity>
    <force> 0.05216665 -0.04082735 -0.00602978 </force>
  </atom>
  <atom name="O2" species="O">
    <position> 14.99492476 14.77428795 17.37319038 </position>
    <velocity> 0.00000000 0.00000000 0.00000000 </velocity>
    <force> 0.02516694 -0.04142569 -0.00588710 </force>
  </atom>
  <atom name="O3" species="O">
    <position> 15.00534302 19.18898962 19.91409702 </position>
    <velocity> 0.00000000 0.00000000 0.00000000 </velocity>
    <force> -0.01844866 0.02625531 0.03955594 </force>
  </atom>
  <atom name="O4" species="O">
    <position> 15.01772291 19.21792514 14.83591222 </position>
    <velocity> 0.00000000 0.00000000 0.00000000 </velocity>
    <force> 0.01004394 0.03709075 -0.07206528 </force>
  </atom>
</atomset>
<unit_cell_a_norm> 33.922471 </unit_cell_a_norm>
<unit_cell_b_norm> 34.144325 </unit_cell_b_norm>
<unit_cell_c_norm> 34.749037 </unit_cell_c_norm>
<unit_cell_alpha>  90.000 </unit_cell_alpha>
<unit_cell_beta>   90.000 </unit_cell_beta>
<unit_cell_gamma>  90.000 </unit_cell_gamma>
<unit_cell_volume> 40248.416 </unit_cell_volume>
  <econst> -69.35082121 </econst>
  <ekin_ion> 0.00000000 </ekin_ion>
  <temp_ion> 0.00000000 </temp_ion>
  CGIonicStepper: alpha = 0.03850146
  <electronic_charge ispin="0"> 30.00000000 </electronic_charge>
  <eigenvalue_sum>  -9.19630546 </eigenvalue_sum>
  <etotal_int>     -69.35126317 </etotal_int>
  <electronic_charge ispin="0"> 30.00000000 </electronic_charge>
  <eigenvalue_sum>  -9.21338149 </eigenvalue_sum>
  <etotal_int>     -69.36091438 </etotal_int>
  <electronic_charge ispin="0"> 30.00000000 </electronic_charge>
  <eigenvalue_sum>  -9.23980362 </eigenvalue_sum>
  <etotal_int>     -69.38421903 </etotal_int>
<timing name="iteration"       min="0.890" max="0.890"/>
</iteration>
<iteration count="9">
  <electronic_charge ispin="0"> 30.00000000 </electronic_charge>
  <ekin>        33.08628928 </ekin>
  <econf>        0.00000000 </econf>
  <eps>        -56.77812633 </eps>
  <enl>         13.19636458 </enl>
  <ecoul>      -43.63653019 </ecoul>
  <exc>        -15.27779813 </exc>
  <esr>          1.77728843 </esr>
  <eself>       47.87307365 </eself>
  <ets>          0.00000000 </ets>
  <eexf>         0.00000000 </eexf>
  <etotal>     -69.40980079 </etotal>
  <epv>          0.00000000 </epv>
  <eefield>      0.00000000 </eefield>
  <enthalpy>   -69.40980079 </enthalpy>
<atomset>
<unit_cell 
    a=" 33.92247120   0.00000000   0.00000000"
    b="  0.00000000  34.14432503   0.00000000"
    c="  0.00000000   0.00000000  34.74903735" />
  <atom name="S1" species="S">
    <position> 16.02941127 17.72280747 17.38803132 </position>
    <velocity> 0.00000000 0.00000000 0.00000000 </velocity>
    <force> -0.07254045 0.03177085 0.06027601 </force>
  </atom>
  <atom name="O1" species="O">
    <position> 19.14279478 17.70651662 17.35759515 </position>
    <velocity> 0.00000000 0.00000000 0.00000000 </velocity>
    <force> 0.12682307 -0.06255289 -0.01726639 </force>
  </atom>
  <atom name="O2" species="O">
    <position> 14.99645453 14.77337549 17.37290368 </position>
    <velocity> 0.00000000 0.00000000 0.00000000 </velocity>
    <force> -0.00856995 -0.11111914 -0.00166845 </force>
  </atom>
  <atom name="O3" species="O">
    <position> 15.00480464 19.18988409 19.91442093 </position>
    <velocity> 0.00000000 0.00000000 0.00000000 </velocity>
    <force> -0.03882037 0.04992104 0.11271146 </force>
  </atom>
  <atom name="O4" species="O">
    <position> 15.01769308 19.21772948 14.83430639 </position>
    <velocity> 0.00000000 0.00000000 0.00000000 </velocity>
    <force> -0.01212377 0.07534423 -0.13771872 </force>
  </atom>
</atomset>
<unit_cell_a_norm> 33.922471 </unit_cell_a_norm>
<unit_cell_b_norm> 34.144325 </unit_cell_b_norm>
<unit_cell_c_norm> 34.749037 </unit_cell_c_norm>
<unit_cell_alpha>  90.000 </unit_cell_alpha>
<unit_cell_beta>   90.000 </unit_cell_beta>
<unit_cell_gamma>  90.000 </unit_cell_gamma>
<unit_cell_volume> 40248.416 </unit_cell_volume>
  <econst> -69.40980079 </econst>
  <ekin_ion> 0.00000000 </ekin_ion>
  <temp_ion> 0.00000000 </temp_ion>
  CGIonicStepper: alpha = 0.04620175
  <electronic_charge ispin="0"> 30.00000000 </electronic_charge>
  <eigenvalue_sum>  -9.25298205 </eigenvalue_sum>
  <etotal_int>     -69.40996059 </etotal_int>
  <electronic_charge ispin="0"> 30.00000000 </electronic_charge>
  <eigenvalue_sum>  -9.24221878 </eigenvalue_sum>
  <etotal_int>     -69.41407137 </etotal_int>
  <electronic_charge ispin="0"> 30.00000000 </electronic_charge>
  <eigenvalue_sum>  -9.22625736 </eigenvalue_sum>
  <etotal_int>     -69.42439737 </etotal_int>
<timing name="iteration"       min="0.889" max="0.889"/>
</iteration>
<iteration count="10">
  <electronic_charge ispin="0"> 30.00000000 </electronic_charge>
  <ekin>        33.03248760 </ekin>
  <econf>        0.00000000 </econf>
  <eps>        -56.76635484 </eps>
  <enl>         13.22518048 </enl>
  <ecoul>      -43.65484148 </ecoul>
  <exc>        -15.27616413 </exc>
  <esr>          1.77666220 </esr>
  <eself>       47.87307365 </eself>
  <ets>          0.00000000 </ets>
  <eexf>         0.00000000 </eexf>
  <etotal>     -69.43969237 </etotal>
  <epv>          0.00000000 </epv>
  <eefield>      0.00000000 </eefield>
  <enthalpy>   -69.43969237 </enthalpy>
<atomset>
<unit_cell 
    a=" 33.92247120   0.00000000   0.00000000"
    b="  0.00000000  34.14432503   0.00000000"
    c="  0.00000000   0.00000000  34.74903735" />
  <atom name="S1" species="S">
    <position> 16.02911088 17.72305499 17.38834023 </position>
    <velocity> 0.00000000 0.00000000 0.00000000 </velocity>
    <force> -0.05214964 0.04051855 0.04211872 </force>
  </atom>
  <atom name="O1" species="O">
    <position> 19.14302345 17.70640377 17.35763303 </position>
    <velocity> 0.00000000 0.00000000 0.00000000 </velocity>
    <force> 0.06755351 -0.02948913 -0.01480464 </force>
  </atom>
  <atom name="O2" species="O">
    <position> 14.99676048 14.77319300 17.37284634 </position>
    <velocity> 0.00000000 0.00000000 0.00000000 </velocity>
    <force> 0.01105702 -0.07090821 -0.00537579 </force>
  </atom>
  <atom name="O3" species="O">
    <position> 15.00469697 19.19006299 19.91448571 </position>
    <velocity> 0.00000000 0.00000000 0.00000000 </velocity>
    <force> -0.01823876 0.02666144 0.05314401 </force>
  </atom>
  <atom name="O4" species="O">
    <position> 15.01768712 19.21769035 14.83398523 </position>
    <velocity> 0.00000000 0.00000000 0.00000000 </velocity>
    <force> 0.00075592 0.03863006 -0.07564545 </force>
  </atom>
</atomset>
<unit_cell_a_norm> 33.922471 </unit_cell_a_norm>
<unit_cell_b_norm> 34.144325 </unit_cell_b_norm>
<unit_cell_c_norm> 34.749037 </unit_cell_c_norm>
<unit_cell_alpha>  90.000 </unit_cell_alpha>
<unit_cell_beta>   90.000 </unit_cell_beta>
<unit_cell_gamma>  90.000 </unit_cell_gamma>
<unit_cell_volume> 40248.416 </unit_cell_volume>
  <econst> -69.43969237 </econst>
  <ekin_ion> 0.00000000 </ekin_ion>
  <temp_ion> 0.00000000 </temp_ion>
  CGIonicStepper: alpha = 0.05544210
  <electronic_charge ispin="0"> 30.00000000 </electronic_charge>
  <eigenvalue_sum>  -9.21806411 </eigenvalue_sum>
  <etotal_int>     -69.43981529 </etotal_int>
  <electronic_charge ispin="0"> 30.00000000 </electronic_charge>
  <eigenvalue_sum>  -9.22728995 </eigenvalue_sum>
  <etotal_int>     -69.44152226 </etotal_int>
  <electronic_charge ispin="0"> 30.00000000 </electronic_charge>
  <eigenvalue_sum>  -9.24280019 </eigenvalue_sum>
  <etotal_int>     -69.44576124 </etotal_int>
<timing name="iteration"       min="0.885" max="0.885"/>
</iteration>
<iteration count="11">
  <electronic_charge ispin="0"> 30.00000000 </electronic_charge>
  <ekin>        33.02801558 </ekin>
  <econf>        0.00000000 </econf>
  <eps>        -56.76254277 </eps>
  <enl>         13.20833007 </enl>
  <ecoul>      -43.64862418 </ecoul>
  <exc>        -15.27542481 </exc>
  <esr>          1.77591127 </esr>
  <eself>       47.87307365 </eself>
  <ets>          0.00000000 </ets>
  <eexf>         0.00000000 </eexf>
  <etotal>     -69.45024611 </etotal>
  <epv>          0.00000000 </epv>
  <eefield>      0.00000000 </eefield>
  <enthalpy>   -69.45024611 </enthalpy>
<atomset>
<unit_cell 
    a=" 33.92247120   0.00000000   0.00000000"
    b="  0.00000000  34.14432503   0.00000000"
    c="  0.00000000   0.00000000  34.74903735" />
  <atom name="S1" species="S">
    <position> 16.02875042 17.72335200 17.38871092 </position>
    <velocity> 0.00000000 0.00000000 0.00000000 </velocity>
    <force> -0.05597944 0.03783110 0.04310994 </force>
  </atom>
  <atom name="O1" species="O">
    <position> 19.14329785 17.70626836 17.35767848 </position>
    <velocity> 0.00000000 0.00000000 0.00000000 </velocity>
    <force> 0.10295699 -0.03953950 -0.01667512 </force>
  </atom>
  <atom name="O2" species="O">
    <position> 14.99712763 14.77297401 17.37277753 </position>
    <velocity> 0.00000000 0.00000000 0.00000000 </velocity>
    <force> -0.00226821 -0.10230694 -0.00268428 </force>
  </atom>
  <atom name="O3" species="O">
    <position> 15.00456776 19.19027766 19.91456345 </position>
    <velocity> 0.00000000 0.00000000 0.00000000 </velocity>
    <force> -0.02904087 0.03909908 0.08622105 </force>
  </atom>
  <atom name="O4" species="O">
    <position> 15.01767996 19.21764339 14.83359983 </position>
    <velocity> 0.00000000 0.00000000 0.00000000 </velocity>
    <force> -0.00968139 0.05436797 -0.10905120 </force>
  </atom>
</atomset>
<unit_cell_a_norm> 33.922471 </unit_cell_a_norm>
<unit_cell_b_norm> 34.144325 </unit_cell_b_norm>
<unit_cell_c_norm> 34.749037 </unit_cell_c_norm>
<unit_cell_alpha>  90.000 </unit_cell_alpha>
<unit_cell_beta>   90.000 </unit_cell_beta>
<unit_cell_gamma>  90.000 </unit_cell_gamma>
<unit_cell_volume> 40248.416 </unit_cell_volume>
  <econst> -69.45024611 </econst>
  <ekin_ion> 0.00000000 </ekin_ion>
  <temp_ion> 0.00000000 </temp_ion>
  CGIonicStepper: alpha = 0.06653052
  <electronic_charge ispin="0"> 30.00000000 </electronic_charge>
  <eigenvalue_sum>  -9.24701317 </eigenvalue_sum>
  <etotal_int>     -69.45043155 </etotal_int>
  <electronic_charge ispin="0"> 30.00000000 </electronic_charge>
  <eigenvalue_sum>  -9.24423083 </eigenvalue_sum>
  <etotal_int>     -69.45133597 </etotal_int>
  <electronic_charge ispin="0"> 30.00000000 </electronic_charge>
  <eigenvalue_sum>  -9.24030653 </eigenvalue_sum>
  <etotal_int>     -69.45375538 </etotal_int>
<timing name="iteration"       min="0.884" max="0.884"/>
</iteration>
<iteration count="12">
  <electronic_charge ispin="0"> 30.00000000 </electronic_charge>
  <ekin>        33.01471776 </ekin>
  <econf>        0.00000000 </econf>
  <eps>        -56.76054837 </eps>
  <enl>         13.21848505 </enl>
  <ecoul>      -43.65626401 </ecoul>
  <exc>        -15.27475195 </exc>
  <esr>          1.77501096 </esr>
  <eself>       47.87307365 </eself>
  <ets>          0.00000000 </ets>
  <eexf>         0.00000000 </eexf>
  <etotal>     -69.45836152 </etotal>
  <epv>          0.00000000 </epv>
  <eefield>      0.00000000 </eefield>
  <enthalpy>   -69.45836152 </enthalpy>
<atomset>
<unit_cell 
    a=" 33.92247120   0.00000000   0.00000000"
    b="  0.00000000  34.14432503   0.00000000"
    c="  0.00000000   0.00000000  34.74903735" />
  <atom name="S1" species="S">
    <position> 16.02831786 17.72370842 17.38915576 </position>
    <velocity> 0.00000000 0.00000000 0.00000000 </velocity>
    <force> -0.04595904 0.03703144 0.03350852 </force>
  </atom>
  <atom name="O1" species="O">
    <position> 19.14362712 17.70610587 17.35773301 </position>
    <velocity> 0.00000000 0.00000000 0.00000000 </velocity>
    <force> 0.08028778 -0.02409124 -0.01405558 </force>
  </atom>
  <atom name="O2" species="O">
    <position> 14.99756820 14.77271122 17.37269496 </position>
    <velocity> 0.00000000 0.00000000 0.00000000 </velocity>
    <force> 0.00420303 -0.08690106 -0.00398161 </force>
  </atom>
  <atom name="O3" species="O">
    <position> 15.00441270 19.19053527 19.91465674 </position>
    <velocity> 0.00000000 0.00000000 0.00000000 </velocity>
    <force> -0.02149923 0.03241325 0.06561913 </force>
  </atom>
  <atom name="O4" species="O">
    <position> 15.01767137 19.21758704 14.83313735 </position>
    <velocity> 0.00000000 0.00000000 0.00000000 </velocity>
    <force> -0.00569567 0.03902429 -0.08670348 </force>
  </atom>
</atomset>
<unit_cell_a_norm> 33.922471 </unit_cell_a_norm>
<unit_cell_b_norm> 34.144325 </unit_cell_b_norm>
<unit_cell_c_norm> 34.749037 </unit_cell_c_norm>
<unit_cell_alpha>  90.000 </unit_cell_alpha>
<unit_cell_beta>   90.000 </unit_cell_beta>
<unit_cell_gamma>  90.000 </unit_cell_gamma>
<unit_cell_volume> 40248.416 </unit_cell_volume>
  <econst> -69.45836152 </econst>
  <ekin_ion> 0.00000000 </ekin_ion>
  <temp_ion> 0.00000000 </temp_ion>
  CGIonicStepper: alpha = 0.07983662
  <electronic_charge ispin="0"> 30.00000000 </electronic_charge>
  <eigenvalue_sum>  -9.23451383 </eigenvalue_sum>
  <etotal_int>     -69.45854141 </etotal_int>
  <electronic_charge ispin="0"> 30.00000000 </electronic_charge>
  <eigenvalue_sum>  -9.23902724 </eigenvalue_sum>
  <etotal_int>     -69.45903731 </etotal_int>
  <electronic_charge ispin="0"> 30.00000000 </electronic_charge>
  <eigenvalue_sum>  -9.24653718 </eigenvalue_sum>
  <etotal_int>     -69.46035397 </etotal_int>
<timing name="iteration"       min="0.884" max="0.884"/>
</iteration>
<iteration count="13">
  <electronic_charge ispin="0"> 30.00000000 </electronic_charge>
  <ekin>        33.01392222 </ekin>
  <econf>        0.00000000 </econf>
  <eps>        -56.75804078 </eps>
  <enl>         13.21162534 </enl>
  <ecoul>      -43.65497110 </ecoul>
  <exc>        -15.27425761 </exc>
  <esr>          1.77393173 </esr>
  <eself>       47.87307365 </eself>
  <ets>          0.00000000 </ets>
  <eexf>         0.00000000 </eexf>
  <etotal>     -69.46172193 </etotal>
  <epv>          0.00000000 </epv>
  <eefield>      0.00000000 </eefield>
  <enthalpy>   -69.46172193 </enthalpy>
<atomset>
<unit_cell 
    a=" 33.92247120   0.00000000   0.00000000"
    b="  0.00000000  34.14432503   0.00000000"
    c="  0.00000000   0.00000000  34.74903735" />
  <atom name="S1" species="S">
    <position> 16.02779878 17.72413612 17.38968955 </position>
    <velocity> 0.00000000 0.00000000 0.00000000 </velocity>
    <force> -0.04506872 0.03272498 0.03160814 </force>
  </atom>
  <atom name="O1" species="O">
    <position> 19.14402226 17.70591088 17.35779846 </position>
    <velocity> 0.00000000 0.00000000 0.00000000 </velocity>
    <force> 0.09184300 -0.02649791 -0.01480347 </force>
  </atom>
  <atom name="O2" species="O">
    <position> 14.99809689 14.77239587 17.37259587 </position>
    <velocity> 0.00000000 0.00000000 0.00000000 </velocity>
    <force> -0.00550795 -0.09665532 -0.00206472 </force>
  </atom>
  <atom name="O3" species="O">
    <position> 15.00422664 19.19084440 19.91476868 </position>
    <velocity> 0.00000000 0.00000000 0.00000000 </velocity>
    <force> -0.02544653 0.03646056 0.08042824 </force>
  </atom>
  <atom name="O4" species="O">
    <position> 15.01766106 19.21751941 14.83258238 </position>
    <velocity> 0.00000000 0.00000000 0.00000000 </velocity>
    <force> -0.01013981 0.04623210 -0.09785886 </force>
  </atom>
</atomset>
<unit_cell_a_norm> 33.922471 </unit_cell_a_norm>
<unit_cell_b_norm> 34.144325 </unit_cell_b_norm>
<unit_cell_c_norm> 34.749037 </unit_cell_c_norm>
<unit_cell_alpha>  90.000 </unit_cell_alpha>
<unit_cell_beta>   90.000 </unit_cell_beta>
<unit_cell_gamma>  90.000 </unit_cell_gamma>
<unit_cell_volume> 40248.416 </unit_cell_volume>
  <econst> -69.46172193 </econst>
  <ekin_ion> 0.00000000 </ekin_ion>
  <temp_ion> 0.00000000 </temp_ion>
  CGIonicStepper: alpha = 0.09580394
  <electronic_charge ispin="0"> 30.00000000 </electronic_charge>
  <eigenvalue_sum>  -9.24423120 </eigenvalue_sum>
  <etotal_int>     -69.46194594 </etotal_int>
  <electronic_charge ispin="0"> 30.00000000 </electronic_charge>
  <eigenvalue_sum>  -9.24444374 </eigenvalue_sum>
  <etotal_int>     -69.46229494 </etotal_int>
  <electronic_charge ispin="0"> 30.00000000 </electronic_charge>
  <eigenvalue_sum>  -9.24498509 </eigenvalue_sum>
  <etotal_int>     -69.46327500 </etotal_int>
<timing name="iteration"       min="0.884" max="0.884"/>
</iteration>
<iteration count="14">
  <electronic_charge ispin="0"> 30.00000000 </electronic_charge>
  <ekin>        33.00920181 </ekin>
  <econf>        0.00000000 </econf>
  <eps>        -56.75633166 </eps>
  <enl>         13.21431363 </enl>
  <ecoul>      -43.65870429 </ecoul>
  <exc>        -15.27379921 </exc>
  <esr>          1.77263831 </esr>
  <eself>       47.87307365 </eself>
  <ets>          0.00000000 </ets>
  <eexf>         0.00000000 </eexf>
  <etotal>     -69.46531973 </etotal>
  <epv>          0.00000000 </epv>
  <eefield>      0.00000000 </eefield>
  <enthalpy>   -69.46531973 </enthalpy>
<atomset>
<unit_cell 
    a=" 33.92247120   0.00000000   0.00000000"
    b="  0.00000000  34.14432503   0.00000000"
    c="  0.00000000   0.00000000  34.74903735" />
  <atom name="S1" species="S">
    <position> 16.02717590 17.72464937 17.39033011 </position>
    <velocity> 0.00000000 0.00000000 0.00000000 </velocity>
    <force> -0.03962015 0.02958745 0.02700914 </force>
  </atom>
  <atom name="O1" species="O">
    <position> 19.14449642 17.70567689 17.35787700 </position>
    <velocity> 0.00000000 0.00000000 0.00000000 </velocity>
    <force> 0.08618490 -0.02028069 -0.01219810 </force>
  </atom>
  <atom name="O2" species="O">
    <position> 14.99873131 14.77201746 17.37247697 </position>
    <velocity> 0.00000000 0.00000000 0.00000000 </velocity>
    <force> -0.00036347 -0.09214546 -0.00306498 </force>
  </atom>
  <atom name="O3" species="O">
    <position> 15.00400336 19.19121535 19.91490301 </position>
    <velocity> 0.00000000 0.00000000 0.00000000 </velocity>
    <force> -0.02414239 0.03698785 0.07413627 </force>
  </atom>
  <atom name="O4" species="O">
    <position> 15.01764869 19.21743827 14.83191641 </position>
    <velocity> 0.00000000 0.00000000 0.00000000 </velocity>
    <force> -0.00965400 0.03977332 -0.09387869 </force>
  </atom>
</atomset>
<unit_cell_a_norm> 33.922471 </unit_cell_a_norm>
<unit_cell_b_norm> 34.144325 </unit_cell_b_norm>
<unit_cell_c_norm> 34.749037 </unit_cell_c_norm>
<unit_cell_alpha>  90.000 </unit_cell_alpha>
<unit_cell_beta>   90.000 </unit_cell_beta>
<unit_cell_gamma>  90.000 </unit_cell_gamma>
<unit_cell_volume> 40248.416 </unit_cell_volume>
  <econst> -69.46531973 </econst>
  <ekin_ion> 0.00000000 </ekin_ion>
  <temp_ion> 0.00000000 </temp_ion>
  CGIonicStepper: alpha = 0.11496473
  <electronic_charge ispin="0"> 30.00000000 </electronic_charge>
  <eigenvalue_sum>  -9.23998022 </eigenvalue_sum>
  <etotal_int>     -69.46556911 </etotal_int>
  <electronic_charge ispin="0"> 30.00000000 </electronic_charge>
  <eigenvalue_sum>  -9.24239721 </eigenvalue_sum>
  <etotal_int>     -69.46581631 </etotal_int>
  <electronic_charge ispin="0"> 30.00000000 </electronic_charge>
  <eigenvalue_sum>  -9.24641086 </eigenvalue_sum>
  <etotal_int>     -69.46650764 </etotal_int>
<timing name="iteration"       min="0.884" max="0.884"/>
</iteration>
<iteration count="15">
  <electronic_charge ispin="0"> 30.00000000 </electronic_charge>
  <ekin>        33.00785888 </ekin>
  <econf>        0.00000000 </econf>
  <eps>        -56.75389101 </eps>
  <enl>         13.21157657 </enl>
  <ecoul>      -43.65969944 </ecoul>
  <exc>        -15.27335435 </exc>
  <esr>          1.77108860 </esr>
  <eself>       47.87307365 </eself>
  <ets>          0.00000000 </ets>
  <eexf>         0.00000000 </eexf>
  <etotal>     -69.46750934 </etotal>
  <epv>          0.00000000 </epv>
  <eefield>      0.00000000 </eefield>
  <enthalpy>   -69.46750934 </enthalpy>
<atomset>
<unit_cell 
    a=" 33.92247120   0.00000000   0.00000000"
    b="  0.00000000  34.14432503   0.00000000"
    c="  0.00000000   0.00000000  34.74903735" />
  <atom name="S1" species="S">
    <position> 16.02642844 17.72526526 17.39109879 </position>
    <velocity> 0.00000000 0.00000000 0.00000000 </velocity>
    <force> -0.03644725 0.02527763 0.02351749 </force>
  </atom>
  <atom name="O1" species="O">
    <position> 19.14506541 17.70539610 17.35797124 </position>
    <velocity> 0.00000000 0.00000000 0.00000000 </velocity>
    <force> 0.08728890 -0.01899168 -0.01259214 </force>
  </atom>
  <atom name="O2" species="O">
    <position> 14.99949263 14.77156336 17.37233429 </position>
    <velocity> 0.00000000 0.00000000 0.00000000 </velocity>
    <force> -0.00871776 -0.09275283 -0.00151231 </force>
  </atom>
  <atom name="O3" species="O">
    <position> 15.00373543 19.19166050 19.91506421 </position>
    <velocity> 0.00000000 0.00000000 0.00000000 </velocity>
    <force> -0.02500048 0.03720552 0.08103441 </force>
  </atom>
  <atom name="O4" species="O">
    <position> 15.01763384 19.21734090 14.83111725 </position>
    <velocity> 0.00000000 0.00000000 0.00000000 </velocity>
    <force> -0.01166219 0.04303548 -0.09473905 </force>
  </atom>
</atomset>
<unit_cell_a_norm> 33.922471 </unit_cell_a_norm>
<unit_cell_b_norm> 34.144325 </unit_cell_b_norm>
<unit_cell_c_norm> 34.749037 </unit_cell_c_norm>
<unit_cell_alpha>  90.000 </unit_cell_alpha>
<unit_cell_beta>   90.000 </unit_cell_beta>
<unit_cell_gamma>  90.000 </unit_cell_gamma>
<unit_cell_volume> 40248.416 </unit_cell_volume>
  <econst> -69.46750934 </econst>
  <ekin_ion> 0.00000000 </ekin_ion>
  <temp_ion> 0.00000000 </temp_ion>
  CGIonicStepper: alpha = 0.13795768
  <electronic_charge ispin="0"> 30.00000000 </electronic_charge>
  <eigenvalue_sum>  -9.24139128 </eigenvalue_sum>
  <etotal_int>     -69.46778922 </etotal_int>
  <electronic_charge ispin="0"> 30.00000000 </electronic_charge>
  <eigenvalue_sum>  -9.24298523 </eigenvalue_sum>
  <etotal_int>     -69.46798883 </etotal_int>
  <electronic_charge ispin="0"> 30.00000000 </electronic_charge>
  <eigenvalue_sum>  -9.24550964 </eigenvalue_sum>
  <etotal_int>     -69.46850507 </etotal_int>
<timing name="iteration"       min="0.886" max="0.886"/>
</iteration>
<iteration count="16">
  <electronic_charge ispin="0"> 30.00000000 </electronic_charge>
  <ekin>        33.00506947 </ekin>
  <econf>        0.00000000 </econf>
  <eps>        -56.75133605 </eps>
  <enl>         13.21255776 </enl>
  <ecoul>      -43.66258483 </ecoul>
  <exc>        -15.27282222 </exc>
  <esr>          1.76923238 </esr>
  <eself>       47.87307365 </eself>
  <ets>          0.00000000 </ets>
  <eexf>         0.00000000 </eexf>
  <etotal>     -69.46911587 </etotal>
  <epv>          0.00000000 </epv>
  <eefield>      0.00000000 </eefield>
  <enthalpy>   -69.46911587 </enthalpy>
<atomset>
<unit_cell 
    a=" 33.92247120   0.00000000   0.00000000"
    b="  0.00000000  34.14432503   0.00000000"
    c="  0.00000000   0.00000000  34.74903735" />
  <atom name="S1" species="S">
    <position> 16.02553148 17.72600433 17.39202119 </position>
    <velocity> 0.00000000 0.00000000 0.00000000 </velocity>
    <force> -0.03302878 0.02286646 0.02056833 </force>
  </atom>
  <atom name="O1" species="O">
    <position> 19.14574820 17.70505916 17.35808433 </position>
    <velocity> 0.00000000 0.00000000 0.00000000 </velocity>
    <force> 0.08424605 -0.01619940 -0.01135150 </force>
  </atom>
  <atom name="O2" species="O">
    <position> 15.00040620 14.77101844 17.37216307 </position>
    <velocity> 0.00000000 0.00000000 0.00000000 </velocity>
    <force> -0.00721623 -0.08998429 -0.00181637 </force>
  </atom>
  <atom name="O3" species="O">
    <position> 15.00341391 19.19219468 19.91525764 </position>
    <velocity> 0.00000000 0.00000000 0.00000000 </velocity>
    <force> -0.02463589 0.03747237 0.07907117 </force>
  </atom>
  <atom name="O4" species="O">
    <position> 15.01761603 19.21722405 14.83015825 </position>
    <velocity> 0.00000000 0.00000000 0.00000000 </velocity>
    <force> -0.01158047 0.04047842 -0.09259414 </force>
  </atom>
</atomset>
<unit_cell_a_norm> 33.922471 </unit_cell_a_norm>
<unit_cell_b_norm> 34.144325 </unit_cell_b_norm>
<unit_cell_c_norm> 34.749037 </unit_cell_c_norm>
<unit_cell_alpha>  90.000 </unit_cell_alpha>
<unit_cell_beta>   90.000 </unit_cell_beta>
<unit_cell_gamma>  90.000 </unit_cell_gamma>
<unit_cell_volume> 40248.416 </unit_cell_volume>
  <econst> -69.46911587 </econst>
  <ekin_ion> 0.00000000 </ekin_ion>
  <temp_ion> 0.00000000 </temp_ion>
  CGIonicStepper: alpha = 0.16554921
  <electronic_charge ispin="0"> 30.00000000 </electronic_charge>
  <eigenvalue_sum>  -9.23779650 </eigenvalue_sum>
  <etotal_int>     -69.46942930 </etotal_int>
  <electronic_charge ispin="0"> 30.00000000 </electronic_charge>
  <eigenvalue_sum>  -9.24079765 </eigenvalue_sum>
  <etotal_int>     -69.46960355 </etotal_int>
  <electronic_charge ispin="0"> 30.00000000 </electronic_charge>
  <eigenvalue_sum>  -9.24481605 </eigenvalue_sum>
  <etotal_int>     -69.46997853 </etotal_int>
<timing name="iteration"       min="0.886" max="0.886"/>
</iteration>
<iteration count="17">
  <electronic_charge ispin="0"> 30.00000000 </electronic_charge>
  <ekin>        33.00269808 </ekin>
  <econf>        0.00000000 </econf>
  <eps>        -56.74792732 </eps>
  <enl>         13.21211607 </enl>
  <ecoul>      -43.66505482 </ecoul>
  <exc>        -15.27216529 </exc>
  <esr>          1.76700989 </esr>
  <eself>       47.87307365 </eself>
  <ets>          0.00000000 </ets>
  <eexf>         0.00000000 </eexf>
  <etotal>     -69.47033328 </etotal>
  <epv>          0.00000000 </epv>
  <eefield>      0.00000000 </eefield>
  <enthalpy>   -69.47033328 </enthalpy>
<atomset>
<unit_cell 
    a=" 33.92247120   0.00000000   0.00000000"
    b="  0.00000000  34.14432503   0.00000000"
    c="  0.00000000   0.00000000  34.74903735" />
  <atom name="S1" species="S">
    <position> 16.02445513 17.72689122 17.39312808 </position>
    <velocity> 0.00000000 0.00000000 0.00000000 </velocity>
    <force> -0.03027580 0.02038967 0.01782686 </force>
  </atom>
  <atom name="O1" species="O">
    <position> 19.14656754 17.70465483 17.35822004 </position>
    <velocity> 0.00000000 0.00000000 0.00000000 </velocity>
    <force> 0.08243259 -0.01468917 -0.01131308 </force>
  </atom>
  <atom name="O2" species="O">
    <position> 15.00150249 14.77036454 17.37195761 </position>
    <velocity> 0.00000000 0.00000000 0.00000000 </velocity>
    <force> -0.01069090 -0.08836820 -0.00119370 </force>
  </atom>
  <atom name="O3" species="O">
    <position> 15.00302809 19.19283569 19.91548977 </position>
    <velocity> 0.00000000 0.00000000 0.00000000 </velocity>
    <force> -0.02457176 0.03703929 0.08096858 </force>
  </atom>
  <atom name="O4" species="O">
    <position> 15.01759465 19.21708383 14.82900746 </position>
    <velocity> 0.00000000 0.00000000 0.00000000 </velocity>
    <force> -0.01211208 0.04095026 -0.09083554 </force>
  </atom>
</atomset>
<unit_cell_a_norm> 33.922471 </unit_cell_a_norm>
<unit_cell_b_norm> 34.144325 </unit_cell_b_norm>
<unit_cell_c_norm> 34.749037 </unit_cell_c_norm>
<unit_cell_alpha>  90.000 </unit_cell_alpha>
<unit_cell_beta>   90.000 </unit_cell_beta>
<unit_cell_gamma>  90.000 </unit_cell_gamma>
<unit_cell_volume> 40248.416 </unit_cell_volume>
  <econst> -69.47033328 </econst>
  <ekin_ion> 0.00000000 </ekin_ion>
  <temp_ion> 0.00000000 </temp_ion>
  CGIonicStepper: alpha = 0.19865906
  <electronic_charge ispin="0"> 30.00000000 </electronic_charge>
  <eigenvalue_sum>  -9.23540120 </eigenvalue_sum>
  <etotal_int>     -69.47067827 </etotal_int>
  <electronic_charge ispin="0"> 30.00000000 </electronic_charge>
  <eigenvalue_sum>  -9.23914052 </eigenvalue_sum>
  <etotal_int>     -69.47084533 </etotal_int>
  <electronic_charge ispin="0"> 30.00000000 </electronic_charge>
  <eigenvalue_sum>  -9.24378267 </eigenvalue_sum>
  <etotal_int>     -69.47115455 </etotal_int>
<timing name="iteration"       min="0.895" max="0.895"/>
</iteration>
<iteration count="18">
  <electronic_charge ispin="0"> 30.00000000 </electronic_charge>
  <ekin>        32.99983153 </ekin>
  <econf>        0.00000000 </econf>
  <eps>        -56.74392856 </eps>
  <enl>         13.21222856 </enl>
  <ecoul>      -43.66814898 </ecoul>
  <exc>        -15.27136871 </exc>
  <esr>          1.76435006 </esr>
  <eself>       47.87307365 </eself>
  <ets>          0.00000000 </ets>
  <eexf>         0.00000000 </eexf>
  <etotal>     -69.47138616 </etotal>
  <epv>          0.00000000 </epv>
  <eefield>      0.00000000 </eefield>
  <enthalpy>   -69.47138616 </enthalpy>
<atomset>
<unit_cell 
    a=" 33.92247120   0.00000000   0.00000000"
    b="  0.00000000  34.14432503   0.00000000"
    c="  0.00000000   0.00000000  34.74903735" />
  <atom name="S1" species="S">
    <position> 16.02316352 17.72795548 17.39445634 </position>
    <velocity> 0.00000000 0.00000000 0.00000000 </velocity>
    <force> -0.02766936 0.01839487 0.01533547 </force>
  </atom>
  <atom name="O1" species="O">
    <position> 19.14755076 17.70416963 17.35838289 </position>
    <velocity> 0.00000000 0.00000000 0.00000000 </velocity>
    <force> 0.08031735 -0.01325942 -0.01104152 </force>
  </atom>
  <atom name="O2" species="O">
    <position> 15.00281804 14.76957986 17.37171106 </position>
    <velocity> 0.00000000 0.00000000 0.00000000 </velocity>
    <force> -0.01231521 -0.08662241 -0.00090905 </force>
  </atom>
  <atom name="O3" species="O">
    <position> 15.00256511 19.19360490 19.91576832 </position>
    <velocity> 0.00000000 0.00000000 0.00000000 </velocity>
    <force> -0.02444571 0.03680894 0.08161868 </force>
  </atom>
  <atom name="O4" species="O">
    <position> 15.01756899 19.21691556 14.82762651 </position>
    <velocity> 0.00000000 0.00000000 0.00000000 </velocity>
    <force> -0.01232137 0.04057749 -0.08898609 </force>
  </atom>
</atomset>
<unit_cell_a_norm> 33.922471 </unit_cell_a_norm>
<unit_cell_b_norm> 34.144325 </unit_cell_b_norm>
<unit_cell_c_norm> 34.749037 </unit_cell_c_norm>
<unit_cell_alpha>  90.000 </unit_cell_alpha>
<unit_cell_beta>   90.000 </unit_cell_beta>
<unit_cell_gamma>  90.000 </unit_cell_gamma>
<unit_cell_volume> 40248.416 </unit_cell_volume>
  <econst> -69.47138616 </econst>
  <ekin_ion> 0.00000000 </ekin_ion>
  <temp_ion> 0.00000000 </temp_ion>
  CGIonicStepper: alpha = 0.23839087
  <electronic_charge ispin="0"> 30.00000000 </electronic_charge>
  <eigenvalue_sum>  -9.23196559 </eigenvalue_sum>
  <etotal_int>     -69.47176392 </etotal_int>
  <electronic_charge ispin="0"> 30.00000000 </electronic_charge>
  <eigenvalue_sum>  -9.23683469 </eigenvalue_sum>
  <etotal_int>     -69.47193487 </etotal_int>
  <electronic_charge ispin="0"> 30.00000000 </electronic_charge>
  <eigenvalue_sum>  -9.24268629 </eigenvalue_sum>
  <etotal_int>     -69.47221052 </etotal_int>
<timing name="iteration"       min="0.984" max="0.984"/>
</iteration>
<iteration count="19">
  <electronic_charge ispin="0"> 30.00000000 </electronic_charge>
  <ekin>        32.99637940 </ekin>
  <econf>        0.00000000 </econf>
  <eps>        -56.73891290 </eps>
  <enl>         13.21227279 </enl>
  <ecoul>      -43.67175602 </ecoul>
  <exc>        -15.27036905 </exc>
  <esr>          1.76116860 </esr>
  <eself>       47.87307365 </eself>
  <ets>          0.00000000 </ets>
  <eexf>         0.00000000 </eexf>
  <etotal>     -69.47238578 </etotal>
  <epv>          0.00000000 </epv>
  <eefield>      0.00000000 </eefield>
  <enthalpy>   -69.47238578 </enthalpy>
<atomset>
<unit_cell 
    a=" 33.92247120   0.00000000   0.00000000"
    b="  0.00000000  34.14432503   0.00000000"
    c="  0.00000000   0.00000000  34.74903735" />
  <atom name="S1" species="S">
    <position> 16.02161358 17.72923259 17.39605026 </position>
    <velocity> 0.00000000 0.00000000 0.00000000 </velocity>
    <force> -0.02520974 0.01655550 0.01298068 </force>
  </atom>
  <atom name="O1" species="O">
    <position> 19.14873062 17.70358739 17.35857832 </position>
    <velocity> 0.00000000 0.00000000 0.00000000 </velocity>
    <force> 0.07858345 -0.01215212 -0.01079598 </force>
  </atom>
  <atom name="O2" species="O">
    <position> 15.00439669 14.76863824 17.37141519 </position>
    <velocity> 0.00000000 0.00000000 0.00000000 </velocity>
    <force> -0.01376763 -0.08524852 -0.00063513 </force>
  </atom>
  <atom name="O3" species="O">
    <position> 15.00200952 19.19452796 19.91610258 </position>
    <velocity> 0.00000000 0.00000000 0.00000000 </velocity>
    <force> -0.02450662 0.03676950 0.08254569 </force>
  </atom>
  <atom name="O4" species="O">
    <position> 15.01753821 19.21671365 14.82596936 </position>
    <velocity> 0.00000000 0.00000000 0.00000000 </velocity>
    <force> -0.01257094 0.04036041 -0.08754337 </force>
  </atom>
</atomset>
<unit_cell_a_norm> 33.922471 </unit_cell_a_norm>
<unit_cell_b_norm> 34.144325 </unit_cell_b_norm>
<unit_cell_c_norm> 34.749037 </unit_cell_c_norm>
<unit_cell_alpha>  90.000 </unit_cell_alpha>
<unit_cell_beta>   90.000 </unit_cell_beta>
<unit_cell_gamma>  90.000 </unit_cell_gamma>
<unit_cell_volume> 40248.416 </unit_cell_volume>
  <econst> -69.47238578 </econst>
  <ekin_ion> 0.00000000 </ekin_ion>
  <temp_ion> 0.00000000 </temp_ion>
  CGIonicStepper: alpha = 0.28606904
  <electronic_charge ispin="0"> 30.00000000 </electronic_charge>
  <eigenvalue_sum>  -9.22825772 </eigenvalue_sum>
  <etotal_int>     -69.47279549 </etotal_int>
  <electronic_charge ispin="0"> 30.00000000 </electronic_charge>
  <eigenvalue_sum>  -9.23429871 </eigenvalue_sum>
  <etotal_int>     -69.47298045 </etotal_int>
  <electronic_charge ispin="0"> 30.00000000 </electronic_charge>
  <eigenvalue_sum>  -9.24144386 </eigenvalue_sum>
  <etotal_int>     -69.47323741 </etotal_int>
<timing name="iteration"       min="0.936" max="0.936"/>
</iteration>
<iteration count="20">
  <electronic_charge ispin="0"> 30.00000000 </electronic_charge>
  <ekin>        32.99226002 </ekin>
  <econf>        0.00000000 </econf>
  <eps>        -56.73283425 </eps>
  <enl>         13.21237205 </enl>
  <ecoul>      -43.67603104 </ecoul>
  <exc>        -15.26914801 </exc>
  <esr>          1.75736578 </esr>
  <eself>       47.87307365 </eself>
  <ets>          0.00000000 </ets>
  <eexf>         0.00000000 </eexf>
  <etotal>     -69.47338122 </etotal>
  <epv>          0.00000000 </epv>
  <eefield>      0.00000000 </eefield>
  <enthalpy>   -69.47338122 </enthalpy>
<atomset>
<unit_cell 
    a=" 33.92247120   0.00000000   0.00000000"
    b="  0.00000000  34.14432503   0.00000000"
    c="  0.00000000   0.00000000  34.74903735" />
  <atom name="S1" species="S">
    <position> 16.01975365 17.73076513 17.39796296 </position>
    <velocity> 0.00000000 0.00000000 0.00000000 </velocity>
    <force> -0.02274375 0.01479757 0.01062572 </force>
  </atom>
  <atom name="O1" species="O">
    <position> 19.15014645 17.70288870 17.35881282 </position>
    <velocity> 0.00000000 0.00000000 0.00000000 </velocity>
    <force> 0.07691007 -0.01119767 -0.01053594 </force>
  </atom>
  <atom name="O2" species="O">
    <position> 15.00629108 14.76750830 17.37106016 </position>
    <velocity> 0.00000000 0.00000000 0.00000000 </velocity>
    <force> -0.01496021 -0.08400480 -0.00039381 </force>
  </atom>
  <atom name="O3" species="O">
    <position> 15.00134282 19.19563563 19.91650369 </position>
    <velocity> 0.00000000 0.00000000 0.00000000 </velocity>
    <force> -0.02466721 0.03686282 0.08352171 </force>
  </atom>
  <atom name="O4" species="O">
    <position> 15.01750127 19.21647135 14.82398079 </position>
    <velocity> 0.00000000 0.00000000 0.00000000 </velocity>
    <force> -0.01280205 0.04011504 -0.08622643 </force>
  </atom>
</atomset>
<unit_cell_a_norm> 33.922471 </unit_cell_a_norm>
<unit_cell_b_norm> 34.144325 </unit_cell_b_norm>
<unit_cell_c_norm> 34.749037 </unit_cell_c_norm>
<unit_cell_alpha>  90.000 </unit_cell_alpha>
<unit_cell_beta>   90.000 </unit_cell_beta>
<unit_cell_gamma>  90.000 </unit_cell_gamma>
<unit_cell_volume> 40248.416 </unit_cell_volume>
  <econst> -69.47338122 </econst>
  <ekin_ion> 0.00000000 </ekin_ion>
  <temp_ion> 0.00000000 </temp_ion>
  CGIonicStepper: alpha = 0.34328285
  <electronic_charge ispin="0"> 30.00000000 </electronic_charge>
  <eigenvalue_sum>  -9.22394864 </eigenvalue_sum>
  <etotal_int>     -69.47381707 </etotal_int>
  <electronic_charge ispin="0"> 30.00000000 </electronic_charge>
  <eigenvalue_sum>  -9.23133883 </eigenvalue_sum>
  <etotal_int>     -69.47402901 </etotal_int>
  <electronic_charge ispin="0"> 30.00000000 </electronic_charge>
  <eigenvalue_sum>  -9.23999802 </eigenvalue_sum>
  <etotal_int>     -69.47427863 </etotal_int>
<timing name="iteration"       min="0.935" max="0.935"/>
</iteration>
<timing name="charge"          min="2.988" max="2.988"/>
<timing name="energy"          min="7.034" max="7.034"/>
<timing name="ortho_align"     min="0.800" max="0.800"/>
<timing name="psda_prec"       min="0.029" max="0.029"/>
<timing name="psda_residual"   min="0.561" max="0.561"/>
<timing name="psda_update_wf"  min="0.039" max="0.039"/>
<timing name="update_vhxc"     min="6.992" max="6.992"/>
<timing name="wf_update"       min="1.444" max="1.444"/>
<timing name="ekin"            min="0.009" max="0.009"/>
<timing name="exc"             min="6.403" max="6.403"/>
<timing name="hpsi"            min="3.432" max="3.432"/>
<timing name="nonlocal"        min="3.562" max="3.562"/>
<timing name="charge_compute"  min="2.412" max="2.412"/>
<timing name="charge_integral" min="0.090" max="0.090"/>
<timing name="charge_rowsum"   min="0.019" max="0.019"/>
<timing name="charge_vft"      min="0.463" max="0.463"/>
[qbox] <cmd>save /home/hym/Desktop/gdislinux/models/tmp/qbox-gui/so4_iso1.xml</cmd>
 SampleWriter: write time: 0.027 s
 SampleWriter: file size: 14120627
 SampleWriter: aggregate write rate: 498.33 MB/s
[qbox] <cmd>quit</cmd>
[qbox]  End of command stream 
<real_time> 18.90 </real_time>
<end_time> 2026-04-07T02:29:46Z </end_time>
</fpmd:simulation>
