<?xml version="1.0" encoding="UTF-8"?>
<fpmd:simulation xmlns:fpmd="http://www.quantum-simulation.org/ns/fpmd/fpmd-1.0">
<uuid> faba60c2-2fdc-11f1-92a9-000c29b36afa </uuid>

                   ============================
                   I qbox rel1_78_4           I
                   I                          I
                   I                          I
                   I                          I
                   I                          I
                   I                          I
                   I                          I
                   I                          I
                   I                          I
                   I                          I
                   I                          I
                   I                          I
                   I http://qboxcode.org      I
                   ============================


<release> rel1_78_4 ubuntu24_aarch64_openmpi  </release>
<user> hym </user>
<sysname> Linux </sysname>
<nodename> hym-VMware20-1 </nodename>
<start_time> 2026-04-04T04:15:57Z </start_time>
 MPIdata::comm: 1x1x1x1
<mpi_processes count="1">
<process id="0"> hym-VMware20-1 </process> (0,0,0,0)
</mpi_processes>
[qbox] <cmd>set cell 8 0 0  0 8 0  0 0 8</cmd>
<unit_cell 
    a="8.00000000   0.00000000   0.00000000  "
    b="0.00000000   8.00000000   0.00000000  "
    c="0.00000000   0.00000000   8.00000000  " />
[qbox] <cmd>species carbon /home/hym/Desktop/gdislinux/.localdeps/qbox-public/test/potentials/C_HSCV_PBE-1.0.xml</cmd>
  SpeciesCmd: defining species carbon as /home/hym/Desktop/gdislinux/.localdeps/qbox-public/test/potentials/C_HSCV_PBE-1.0.xml

Warning at file , line 0, char 0
  Message: unable to open primary document entity '/home/hym/Desktop/gdislinux/.localdeps/qbox-public/test/potentials/species.xsd'

 species carbon:
<species name="carbon">
 <description>
 PSGen-1.6.0 pseudopotential: HSCV C xc=PBE
 Generated by PSGen-1.6.0 on 2009-02-15T02:25:04Z
 psgen arguments:
 -element C -xc PBE -smooth_v -bound l=0:rc=0.8 -bound l=1:rc=0.8
 </description>
 <symbol>C</symbol>
 <atomic_number>6</atomic_number>
 <mass>12.01070000</mass>
 <norm_conserving_pseudopotential>
 <valence_charge>4</valence_charge>
 <lmax>1</lmax>
 <llocal>1</llocal>
 <nquad>0</nquad>
 <rquad>0.00000000</rquad>
 <mesh_spacing>0.01000000</mesh_spacing>
 </norm_conserving_pseudopotential>
</species>
 Kleinman-Bylander potential
 rcps_ =   1.50000000
[qbox] <cmd>species hydrogen /home/hym/Desktop/gdislinux/.localdeps/qbox-public/test/potentials/H_HSCV_PBE-1.0.xml</cmd>
  SpeciesCmd: defining species hydrogen as /home/hym/Desktop/gdislinux/.localdeps/qbox-public/test/potentials/H_HSCV_PBE-1.0.xml

Warning at file , line 0, char 0
  Message: unable to open primary document entity '/home/hym/Desktop/gdislinux/.localdeps/qbox-public/test/potentials/species.xsd'

 species hydrogen:
<species name="hydrogen">
 <description>
 PSGen-1.6.0 pseudopotential: HSCV H xc=PBE
 Generated by PSGen-1.6.0 on 2009-02-15T02:24:50Z
 psgen arguments:
 -element H -xc PBE -smooth_v -bound l=0:rc=0.5
 </description>
 <symbol>H</symbol>
 <atomic_number>1</atomic_number>
 <mass>1.00794000</mass>
 <norm_conserving_pseudopotential>
 <valence_charge>1</valence_charge>
 <lmax>0</lmax>
 <llocal>0</llocal>
 <nquad>0</nquad>
 <rquad>0.00000000</rquad>
 <mesh_spacing>0.01000000</mesh_spacing>
 </norm_conserving_pseudopotential>
</species>
 local potential
 rcps_ =   1.50000000
[qbox] <cmd>atom C carbon 0.00000000 0.00000000 0.00000000</cmd>
[qbox] <cmd>atom H1 hydrogen 1.20000000 1.20000000 1.20000000</cmd>
[qbox] <cmd>atom H2 hydrogen 1.20000000 -1.20000000 -1.20000000</cmd>
[qbox] <cmd>atom H3 hydrogen -1.20000000 1.20000000 -1.20000000</cmd>
[qbox] <cmd>atom H4 hydrogen -1.20000000 -1.20000000 1.20000000</cmd>
[qbox] <cmd>set ecut 35</cmd>
[qbox] <cmd>set xc PBE</cmd>
[qbox] <cmd>randomize_wf</cmd>
[qbox] <cmd>set wf_dyn PSDA</cmd>
[qbox] <cmd>set ecutprec 5</cmd>
[qbox] <cmd>run 0 40</cmd>
 EnergyFunctional: <np0v> 36 </np0v>  <np1v> 36 </np1v>  <np2v> 36 </np2v>
 EnergyFunctional: vft->np012(): 46656
<wavefunction ecut="17.50000000" nspin="1" nel="8" nempty="0">
<cell a="8.000000 0.000000 0.000000"
      b="0.000000 8.000000 0.000000"
      c="0.000000 0.000000 8.000000"/>
 reciprocal lattice vectors
 0.785398 0.000000 0.000000
 0.000000 0.785398 0.000000
 0.000000 0.000000 0.785398
<refcell a="0.000000 0.000000 0.000000"
         b="0.000000 0.000000 0.000000"
         c="0.000000 0.000000 0.000000"/>
<grid nx="18" ny="18" nz="18"/>
<slater_determinant kpoint="0 0 0" size="4">
 sdcontext: 1x1
 basis size: 896
 c dimensions: 896x4   (896x4 blocks)
 <density_matrix form="diagonal" size="4"/>
</slater_determinant>
</wavefunction>
<net_charge> 0 </net_charge>
<iteration count="1">
  <electronic_charge ispin="0"> 8.00000000 </electronic_charge>
  <eigenvalue_sum>  6.94136939 </eigenvalue_sum>
  <etotal_int>      13.34978043 </etotal_int>
  <electronic_charge ispin="0"> 8.00000000 </electronic_charge>
  <eigenvalue_sum>  1.22831454 </eigenvalue_sum>
  <etotal_int>       2.22014686 </etotal_int>
  <electronic_charge ispin="0"> 8.00000000 </electronic_charge>
  <eigenvalue_sum>  -1.09856031 </eigenvalue_sum>
  <etotal_int>      -2.43134763 </etotal_int>
  <electronic_charge ispin="0"> 8.00000000 </electronic_charge>
  <eigenvalue_sum>  -1.44695291 </eigenvalue_sum>
  <etotal_int>      -3.25255521 </etotal_int>
  <electronic_charge ispin="0"> 8.00000000 </electronic_charge>
  <eigenvalue_sum>  -1.64496915 </eigenvalue_sum>
  <etotal_int>      -3.86556828 </etotal_int>
  <electronic_charge ispin="0"> 8.00000000 </electronic_charge>
  <eigenvalue_sum>  -1.68295996 </eigenvalue_sum>
  <etotal_int>      -4.08386651 </etotal_int>
  <electronic_charge ispin="0"> 8.00000000 </electronic_charge>
  <eigenvalue_sum>  -1.68813128 </eigenvalue_sum>
  <etotal_int>      -4.28998343 </etotal_int>
  <electronic_charge ispin="0"> 8.00000000 </electronic_charge>
  <eigenvalue_sum>  -1.67252812 </eigenvalue_sum>
  <etotal_int>      -4.42679192 </etotal_int>
  <electronic_charge ispin="0"> 8.00000000 </electronic_charge>
  <eigenvalue_sum>  -1.67275265 </eigenvalue_sum>
  <etotal_int>      -4.49372686 </etotal_int>
  <electronic_charge ispin="0"> 8.00000000 </electronic_charge>
  <eigenvalue_sum>  -1.67486959 </eigenvalue_sum>
  <etotal_int>      -4.55829511 </etotal_int>
  <electronic_charge ispin="0"> 8.00000000 </electronic_charge>
  <eigenvalue_sum>  -1.67809024 </eigenvalue_sum>
  <etotal_int>      -4.63107088 </etotal_int>
  <electronic_charge ispin="0"> 8.00000000 </electronic_charge>
  <eigenvalue_sum>  -1.68296942 </eigenvalue_sum>
  <etotal_int>      -4.71449331 </etotal_int>
  <electronic_charge ispin="0"> 8.00000000 </electronic_charge>
  <eigenvalue_sum>  -1.68968781 </eigenvalue_sum>
  <etotal_int>      -4.81002308 </etotal_int>
  <electronic_charge ispin="0"> 8.00000000 </electronic_charge>
  <eigenvalue_sum>  -1.69812172 </eigenvalue_sum>
  <etotal_int>      -4.91796815 </etotal_int>
  <electronic_charge ispin="0"> 8.00000000 </electronic_charge>
  <eigenvalue_sum>  -1.70793124 </eigenvalue_sum>
  <etotal_int>      -5.03735586 </etotal_int>
  <electronic_charge ispin="0"> 8.00000000 </electronic_charge>
  <eigenvalue_sum>  -1.71868603 </eigenvalue_sum>
  <etotal_int>      -5.16602168 </etotal_int>
  <electronic_charge ispin="0"> 8.00000000 </electronic_charge>
  <eigenvalue_sum>  -1.73000258 </eigenvalue_sum>
  <etotal_int>      -5.30098626 </etotal_int>
  <electronic_charge ispin="0"> 8.00000000 </electronic_charge>
  <eigenvalue_sum>  -1.74163777 </eigenvalue_sum>
  <etotal_int>      -5.43904306 </etotal_int>
  <electronic_charge ispin="0"> 8.00000000 </electronic_charge>
  <eigenvalue_sum>  -1.75349783 </eigenvalue_sum>
  <etotal_int>      -5.57735800 </etotal_int>
  <electronic_charge ispin="0"> 8.00000000 </electronic_charge>
  <eigenvalue_sum>  -1.76468707 </eigenvalue_sum>
  <etotal_int>      -5.70279085 </etotal_int>
  <electronic_charge ispin="0"> 8.00000000 </electronic_charge>
  <eigenvalue_sum>  -1.78209270 </eigenvalue_sum>
  <etotal_int>      -5.90050349 </etotal_int>
  <electronic_charge ispin="0"> 8.00000000 </electronic_charge>
  <eigenvalue_sum>  -1.80103612 </eigenvalue_sum>
  <etotal_int>      -6.11392665 </etotal_int>
  <electronic_charge ispin="0"> 8.00000000 </electronic_charge>
  <eigenvalue_sum>  -1.82181208 </eigenvalue_sum>
  <etotal_int>      -6.34869114 </etotal_int>
  <electronic_charge ispin="0"> 8.00000000 </electronic_charge>
  <eigenvalue_sum>  -1.84452360 </eigenvalue_sum>
  <etotal_int>      -6.61630045 </etotal_int>
  <electronic_charge ispin="0"> 8.00000000 </electronic_charge>
  <eigenvalue_sum>  -1.87411911 </eigenvalue_sum>
  <etotal_int>      -6.94012625 </etotal_int>
  <electronic_charge ispin="0"> 8.00000000 </electronic_charge>
  <eigenvalue_sum>  -1.92379737 </eigenvalue_sum>
  <etotal_int>      -7.19436984 </etotal_int>
  <electronic_charge ispin="0"> 8.00000000 </electronic_charge>
  <eigenvalue_sum>  -1.97011998 </eigenvalue_sum>
  <etotal_int>      -7.28254261 </etotal_int>
  <electronic_charge ispin="0"> 8.00000000 </electronic_charge>
  <eigenvalue_sum>  -1.99579311 </eigenvalue_sum>
  <etotal_int>      -7.31540897 </etotal_int>
  <electronic_charge ispin="0"> 8.00000000 </electronic_charge>
  <eigenvalue_sum>  -2.01074533 </eigenvalue_sum>
  <etotal_int>      -7.33746915 </etotal_int>
  <electronic_charge ispin="0"> 8.00000000 </electronic_charge>
  <eigenvalue_sum>  -2.01246878 </eigenvalue_sum>
  <etotal_int>      -7.35174256 </etotal_int>
  <electronic_charge ispin="0"> 8.00000000 </electronic_charge>
  <eigenvalue_sum>  -2.01010534 </eigenvalue_sum>
  <etotal_int>      -7.36355220 </etotal_int>
  <electronic_charge ispin="0"> 8.00000000 </electronic_charge>
  <eigenvalue_sum>  -2.00898356 </eigenvalue_sum>
  <etotal_int>      -7.36483935 </etotal_int>
  <electronic_charge ispin="0"> 8.00000000 </electronic_charge>
  <eigenvalue_sum>  -2.00676396 </eigenvalue_sum>
  <etotal_int>      -7.37321326 </etotal_int>
  <electronic_charge ispin="0"> 8.00000000 </electronic_charge>
  <eigenvalue_sum>  -2.00458075 </eigenvalue_sum>
  <etotal_int>      -7.38194729 </etotal_int>
  <electronic_charge ispin="0"> 8.00000000 </electronic_charge>
  <eigenvalue_sum>  -2.00220593 </eigenvalue_sum>
  <etotal_int>      -7.39119439 </etotal_int>
  <electronic_charge ispin="0"> 8.00000000 </electronic_charge>
  <eigenvalue_sum>  -1.99948086 </eigenvalue_sum>
  <etotal_int>      -7.40108090 </etotal_int>
  <electronic_charge ispin="0"> 8.00000000 </electronic_charge>
  <eigenvalue_sum>  -1.99629150 </eigenvalue_sum>
  <etotal_int>      -7.41171272 </etotal_int>
  <electronic_charge ispin="0"> 8.00000000 </electronic_charge>
  <eigenvalue_sum>  -1.99255363 </eigenvalue_sum>
  <etotal_int>      -7.42317761 </etotal_int>
  <electronic_charge ispin="0"> 8.00000000 </electronic_charge>
  <eigenvalue_sum>  -1.98820427 </eigenvalue_sum>
  <etotal_int>      -7.43554538 </etotal_int>
  <electronic_charge ispin="0"> 8.00000000 </electronic_charge>
  <eigenvalue_sum>  -1.98319710 </eigenvalue_sum>
  <etotal_int>      -7.44886674 </etotal_int>
  <ekin>         5.86421248 </ekin>
  <econf>        0.00000000 </econf>
  <eps>         -7.46394411 </eps>
  <enl>          0.87357220 </enl>
  <ecoul>       -3.83686455 </ecoul>
  <exc>         -2.90014759 </exc>
  <esr>          1.31869287 </esr>
  <eself>        5.31923041 </eself>
  <ets>          0.00000000 </ets>
  <eexf>         0.00000000 </eexf>
  <etotal>      -7.46317158 </etotal>
  <epv>          0.00000000 </epv>
  <eefield>      0.00000000 </eefield>
  <enthalpy>    -7.46317158 </enthalpy>
<atomset>
<unit_cell 
    a="  8.00000000   0.00000000   0.00000000"
    b="  0.00000000   8.00000000   0.00000000"
    c="  0.00000000   0.00000000   8.00000000" />
  <atom name="C" species="carbon">
    <position> 0.00000000 0.00000000 0.00000000 </position>
    <velocity> 0.00000000 0.00000000 0.00000000 </velocity>
    <force> -0.02630415 0.13580664 -0.01408653 </force>
  </atom>
  <atom name="H1" species="hydrogen">
    <position> 1.20000000 1.20000000 1.20000000 </position>
    <velocity> 0.00000000 0.00000000 0.00000000 </velocity>
    <force> 0.03327192 0.02028288 -0.04679424 </force>
  </atom>
  <atom name="H2" species="hydrogen">
    <position> 1.20000000 -1.20000000 -1.20000000 </position>
    <velocity> 0.00000000 0.00000000 0.00000000 </velocity>
    <force> 0.12924673 -0.16612187 -0.04182819 </force>
  </atom>
  <atom name="H3" species="hydrogen">
    <position> -1.20000000 1.20000000 -1.20000000 </position>
    <velocity> 0.00000000 0.00000000 0.00000000 </velocity>
    <force> -0.05996682 0.05824688 -0.00145946 </force>
  </atom>
  <atom name="H4" species="hydrogen">
    <position> -1.20000000 -1.20000000 1.20000000 </position>
    <velocity> 0.00000000 0.00000000 0.00000000 </velocity>
    <force> -0.03547964 -0.06280863 -0.05138384 </force>
  </atom>
</atomset>
<unit_cell_a_norm> 8.000000 </unit_cell_a_norm>
<unit_cell_b_norm> 8.000000 </unit_cell_b_norm>
<unit_cell_c_norm> 8.000000 </unit_cell_c_norm>
<unit_cell_alpha>  90.000 </unit_cell_alpha>
<unit_cell_beta>   90.000 </unit_cell_beta>
<unit_cell_gamma>  90.000 </unit_cell_gamma>
<unit_cell_volume> 512.000 </unit_cell_volume>
<timing name="iteration"       min="0.199" max="0.199"/>
</iteration>
<timing name="charge"          min="0.023" max="0.023"/>
<timing name="energy"          min="0.022" max="0.022"/>
<timing name="ortho_align"     min="0.002" max="0.002"/>
<timing name="psda_prec"       min="0.000" max="0.000"/>
<timing name="psda_residual"   min="0.001" max="0.001"/>
<timing name="psda_update_wf"  min="0.000" max="0.000"/>
<timing name="update_vhxc"     min="0.149" max="0.149"/>
<timing name="wf_update"       min="0.004" max="0.004"/>
<timing name="ekin"            min="0.000" max="0.000"/>
<timing name="exc"             min="0.138" max="0.138"/>
<timing name="hpsi"            min="0.021" max="0.021"/>
<timing name="nonlocal"        min="0.001" max="0.001"/>
<timing name="charge_compute"  min="0.011" max="0.011"/>
<timing name="charge_integral" min="0.003" max="0.003"/>
<timing name="charge_rowsum"   min="0.001" max="0.001"/>
<timing name="charge_vft"      min="0.008" max="0.008"/>
[qbox] <cmd>save methane.xml</cmd>
 SampleWriter: write time: 0.005 s
 SampleWriter: file size: 572984
 SampleWriter: aggregate write rate: 102.21 MB/s
[qbox] <cmd>quit</cmd>
[qbox]  End of command stream 
<real_time> 0.27 </real_time>
<end_time> 2026-04-04T04:15:57Z </end_time>
</fpmd:simulation>
